##########################
2025-05-15 07:31:44
Uso de CPU y Memoria:
Uso de CPU: 0%

Uso de Disco: 
Filesystem      Size  Used Avail Use% Mounted on
udev            1.9G     0  1.9G   0% /dev
tmpfs           392M  784K  391M   1% /run
/dev/sda         79G   39G   36G  52% /
tmpfs           2.0G  5.1M  2.0G   1% /dev/shm
tmpfs           5.0M     0  5.0M   0% /run/lock
/dev/loop2       67M   67M     0 100% /snap/core24/739
/dev/loop4       45M   45M     0 100% /snap/snapd/23771
/dev/loop6       56M   56M     0 100% /snap/certbot/4482
/dev/loop1       56M   56M     0 100% /snap/certbot/4557
/dev/loop8       64M   64M     0 100% /snap/core20/2501
/dev/loop3       67M   67M     0 100% /snap/core24/888
/dev/loop7       51M   51M     0 100% /snap/snapd/24505
/dev/loop5       64M   64M     0 100% /snap/core20/2571
tmpfs           392M  4.0K  392M   1% /run/user/0

Porcentaje de Memoria RAM utilizada: 61%

Carga del Sistema:
 07:31:45 up 121 days, 11:19,  1 user,  load average: 0.84, 0.63, 0.42

Información del Sistema:
Linux localhost 6.1.0-22-amd64 #1 SMP PREEMPT_DYNAMIC Debian 6.1.94-1 (2024-06-21) x86_64 GNU/Linux
##########################
##########################
2025-05-15 07:31:46
Uso de CPU y Memoria:
Uso de CPU: 0%

Uso de Disco: 
Filesystem      Size  Used Avail Use% Mounted on
udev            1.9G     0  1.9G   0% /dev
tmpfs           392M  784K  391M   1% /run
/dev/sda         79G   39G   36G  52% /
tmpfs           2.0G  5.1M  2.0G   1% /dev/shm
tmpfs           5.0M     0  5.0M   0% /run/lock
/dev/loop2       67M   67M     0 100% /snap/core24/739
/dev/loop4       45M   45M     0 100% /snap/snapd/23771
/dev/loop6       56M   56M     0 100% /snap/certbot/4482
/dev/loop1       56M   56M     0 100% /snap/certbot/4557
/dev/loop8       64M   64M     0 100% /snap/core20/2501
/dev/loop3       67M   67M     0 100% /snap/core24/888
/dev/loop7       51M   51M     0 100% /snap/snapd/24505
/dev/loop5       64M   64M     0 100% /snap/core20/2571
tmpfs           392M  4.0K  392M   1% /run/user/0

Porcentaje de Memoria RAM utilizada: 61%

Carga del Sistema:
 07:31:46 up 121 days, 11:19,  1 user,  load average: 0.84, 0.63, 0.42

Información del Sistema:
Linux localhost 6.1.0-22-amd64 #1 SMP PREEMPT_DYNAMIC Debian 6.1.94-1 (2024-06-21) x86_64 GNU/Linux
##########################
##########################
2025-05-15 07:31:47
Uso de CPU y Memoria:
Uso de CPU: 0%

Uso de Disco: 
Filesystem      Size  Used Avail Use% Mounted on
udev            1.9G     0  1.9G   0% /dev
tmpfs           392M  784K  391M   1% /run
/dev/sda         79G   39G   36G  52% /
tmpfs           2.0G  5.1M  2.0G   1% /dev/shm
tmpfs           5.0M     0  5.0M   0% /run/lock
/dev/loop2       67M   67M     0 100% /snap/core24/739
/dev/loop4       45M   45M     0 100% /snap/snapd/23771
/dev/loop6       56M   56M     0 100% /snap/certbot/4482
/dev/loop1       56M   56M     0 100% /snap/certbot/4557
/dev/loop8       64M   64M     0 100% /snap/core20/2501
/dev/loop3       67M   67M     0 100% /snap/core24/888
/dev/loop7       51M   51M     0 100% /snap/snapd/24505
/dev/loop5       64M   64M     0 100% /snap/core20/2571
tmpfs           392M  4.0K  392M   1% /run/user/0

Porcentaje de Memoria RAM utilizada: 61%

Carga del Sistema:
 07:31:47 up 121 days, 11:19,  1 user,  load average: 0.84, 0.63, 0.42

Información del Sistema:
Linux localhost 6.1.0-22-amd64 #1 SMP PREEMPT_DYNAMIC Debian 6.1.94-1 (2024-06-21) x86_64 GNU/Linux
##########################
##########################
2025-05-15 07:31:48
Uso de CPU y Memoria:
Uso de CPU: 50%

Uso de Disco: 
Filesystem      Size  Used Avail Use% Mounted on
udev            1.9G     0  1.9G   0% /dev
tmpfs           392M  784K  391M   1% /run
/dev/sda         79G   39G   36G  52% /
tmpfs           2.0G  5.1M  2.0G   1% /dev/shm
tmpfs           5.0M     0  5.0M   0% /run/lock
/dev/loop2       67M   67M     0 100% /snap/core24/739
/dev/loop4       45M   45M     0 100% /snap/snapd/23771
/dev/loop6       56M   56M     0 100% /snap/certbot/4482
/dev/loop1       56M   56M     0 100% /snap/certbot/4557
/dev/loop8       64M   64M     0 100% /snap/core20/2501
/dev/loop3       67M   67M     0 100% /snap/core24/888
/dev/loop7       51M   51M     0 100% /snap/snapd/24505
/dev/loop5       64M   64M     0 100% /snap/core20/2571
tmpfs           392M  4.0K  392M   1% /run/user/0

Porcentaje de Memoria RAM utilizada: 61%

Carga del Sistema:
 07:31:48 up 121 days, 11:19,  1 user,  load average: 0.84, 0.63, 0.42

Información del Sistema:
Linux localhost 6.1.0-22-amd64 #1 SMP PREEMPT_DYNAMIC Debian 6.1.94-1 (2024-06-21) x86_64 GNU/Linux
##########################
##########################
2025-05-15 07:31:49
Uso de CPU y Memoria:
Uso de CPU: 50%

Uso de Disco: 
Filesystem      Size  Used Avail Use% Mounted on
udev            1.9G     0  1.9G   0% /dev
tmpfs           392M  784K  391M   1% /run
/dev/sda         79G   39G   36G  52% /
tmpfs           2.0G  5.1M  2.0G   1% /dev/shm
tmpfs           5.0M     0  5.0M   0% /run/lock
/dev/loop2       67M   67M     0 100% /snap/core24/739
/dev/loop4       45M   45M     0 100% /snap/snapd/23771
/dev/loop6       56M   56M     0 100% /snap/certbot/4482
/dev/loop1       56M   56M     0 100% /snap/certbot/4557
/dev/loop8       64M   64M     0 100% /snap/core20/2501
/dev/loop3       67M   67M     0 100% /snap/core24/888
/dev/loop7       51M   51M     0 100% /snap/snapd/24505
/dev/loop5       64M   64M     0 100% /snap/core20/2571
tmpfs           392M  4.0K  392M   1% /run/user/0

Porcentaje de Memoria RAM utilizada: 61%

Carga del Sistema:
 07:31:49 up 121 days, 11:19,  1 user,  load average: 0.86, 0.64, 0.43

Información del Sistema:
Linux localhost 6.1.0-22-amd64 #1 SMP PREEMPT_DYNAMIC Debian 6.1.94-1 (2024-06-21) x86_64 GNU/Linux
##########################
##########################
2025-05-15 07:31:50
Uso de CPU y Memoria:
Uso de CPU: 0%

Uso de Disco: 
Filesystem      Size  Used Avail Use% Mounted on
udev            1.9G     0  1.9G   0% /dev
tmpfs           392M  784K  391M   1% /run
/dev/sda         79G   39G   36G  52% /
tmpfs           2.0G  5.1M  2.0G   1% /dev/shm
tmpfs           5.0M     0  5.0M   0% /run/lock
/dev/loop2       67M   67M     0 100% /snap/core24/739
/dev/loop4       45M   45M     0 100% /snap/snapd/23771
/dev/loop6       56M   56M     0 100% /snap/certbot/4482
/dev/loop1       56M   56M     0 100% /snap/certbot/4557
/dev/loop8       64M   64M     0 100% /snap/core20/2501
/dev/loop3       67M   67M     0 100% /snap/core24/888
/dev/loop7       51M   51M     0 100% /snap/snapd/24505
/dev/loop5       64M   64M     0 100% /snap/core20/2571
tmpfs           392M  4.0K  392M   1% /run/user/0

Porcentaje de Memoria RAM utilizada: 61%

Carga del Sistema:
 07:31:51 up 121 days, 11:19,  1 user,  load average: 0.86, 0.64, 0.43

Información del Sistema:
Linux localhost 6.1.0-22-amd64 #1 SMP PREEMPT_DYNAMIC Debian 6.1.94-1 (2024-06-21) x86_64 GNU/Linux
##########################
##########################
2025-05-15 07:31:52
Uso de CPU y Memoria:
Uso de CPU: 0%

Uso de Disco: 
Filesystem      Size  Used Avail Use% Mounted on
udev            1.9G     0  1.9G   0% /dev
tmpfs           392M  784K  391M   1% /run
/dev/sda         79G   39G   36G  52% /
tmpfs           2.0G  5.1M  2.0G   1% /dev/shm
tmpfs           5.0M     0  5.0M   0% /run/lock
/dev/loop2       67M   67M     0 100% /snap/core24/739
/dev/loop4       45M   45M     0 100% /snap/snapd/23771
/dev/loop6       56M   56M     0 100% /snap/certbot/4482
/dev/loop1       56M   56M     0 100% /snap/certbot/4557
/dev/loop8       64M   64M     0 100% /snap/core20/2501
/dev/loop3       67M   67M     0 100% /snap/core24/888
/dev/loop7       51M   51M     0 100% /snap/snapd/24505
/dev/loop5       64M   64M     0 100% /snap/core20/2571
tmpfs           392M  4.0K  392M   1% /run/user/0

Porcentaje de Memoria RAM utilizada: 61%

Carga del Sistema:
 07:31:52 up 121 days, 11:19,  1 user,  load average: 0.86, 0.64, 0.43

Información del Sistema:
Linux localhost 6.1.0-22-amd64 #1 SMP PREEMPT_DYNAMIC Debian 6.1.94-1 (2024-06-21) x86_64 GNU/Linux
##########################
##########################
2025-05-15 07:31:53
Uso de CPU y Memoria:
Uso de CPU: 0%

Uso de Disco: 
Filesystem      Size  Used Avail Use% Mounted on
udev            1.9G     0  1.9G   0% /dev
tmpfs           392M  784K  391M   1% /run
/dev/sda         79G   39G   36G  52% /
tmpfs           2.0G  5.1M  2.0G   1% /dev/shm
tmpfs           5.0M     0  5.0M   0% /run/lock
/dev/loop2       67M   67M     0 100% /snap/core24/739
/dev/loop4       45M   45M     0 100% /snap/snapd/23771
/dev/loop6       56M   56M     0 100% /snap/certbot/4482
/dev/loop1       56M   56M     0 100% /snap/certbot/4557
/dev/loop8       64M   64M     0 100% /snap/core20/2501
/dev/loop3       67M   67M     0 100% /snap/core24/888
/dev/loop7       51M   51M     0 100% /snap/snapd/24505
/dev/loop5       64M   64M     0 100% /snap/core20/2571
tmpfs           392M  4.0K  392M   1% /run/user/0

Porcentaje de Memoria RAM utilizada: 61%

Carga del Sistema:
 07:31:53 up 121 days, 11:19,  1 user,  load average: 0.86, 0.64, 0.43

Información del Sistema:
Linux localhost 6.1.0-22-amd64 #1 SMP PREEMPT_DYNAMIC Debian 6.1.94-1 (2024-06-21) x86_64 GNU/Linux
##########################
##########################
2025-05-15 07:31:54
Uso de CPU y Memoria:
Uso de CPU: 0%

Uso de Disco: 
Filesystem      Size  Used Avail Use% Mounted on
udev            1.9G     0  1.9G   0% /dev
tmpfs           392M  784K  391M   1% /run
/dev/sda         79G   39G   36G  52% /
tmpfs           2.0G  5.1M  2.0G   1% /dev/shm
tmpfs           5.0M     0  5.0M   0% /run/lock
/dev/loop2       67M   67M     0 100% /snap/core24/739
/dev/loop4       45M   45M     0 100% /snap/snapd/23771
/dev/loop6       56M   56M     0 100% /snap/certbot/4482
/dev/loop1       56M   56M     0 100% /snap/certbot/4557
/dev/loop8       64M   64M     0 100% /snap/core20/2501
/dev/loop3       67M   67M     0 100% /snap/core24/888
/dev/loop7       51M   51M     0 100% /snap/snapd/24505
/dev/loop5       64M   64M     0 100% /snap/core20/2571
tmpfs           392M  4.0K  392M   1% /run/user/0

Porcentaje de Memoria RAM utilizada: 61%

Carga del Sistema:
 07:31:54 up 121 days, 11:19,  1 user,  load average: 0.79, 0.63, 0.43

Información del Sistema:
Linux localhost 6.1.0-22-amd64 #1 SMP PREEMPT_DYNAMIC Debian 6.1.94-1 (2024-06-21) x86_64 GNU/Linux
##########################
##########################
2025-05-15 07:31:55
Uso de CPU y Memoria:
Uso de CPU: 0%

Uso de Disco: 
Filesystem      Size  Used Avail Use% Mounted on
udev            1.9G     0  1.9G   0% /dev
tmpfs           392M  784K  391M   1% /run
/dev/sda         79G   39G   36G  52% /
tmpfs           2.0G  5.1M  2.0G   1% /dev/shm
tmpfs           5.0M     0  5.0M   0% /run/lock
/dev/loop2       67M   67M     0 100% /snap/core24/739
/dev/loop4       45M   45M     0 100% /snap/snapd/23771
/dev/loop6       56M   56M     0 100% /snap/certbot/4482
/dev/loop1       56M   56M     0 100% /snap/certbot/4557
/dev/loop8       64M   64M     0 100% /snap/core20/2501
/dev/loop3       67M   67M     0 100% /snap/core24/888
/dev/loop7       51M   51M     0 100% /snap/snapd/24505
/dev/loop5       64M   64M     0 100% /snap/core20/2571
tmpfs           392M  4.0K  392M   1% /run/user/0

Porcentaje de Memoria RAM utilizada: 63%

Carga del Sistema:
 07:31:55 up 121 days, 11:19,  1 user,  load average: 0.79, 0.63, 0.43

Información del Sistema:
Linux localhost 6.1.0-22-amd64 #1 SMP PREEMPT_DYNAMIC Debian 6.1.94-1 (2024-06-21) x86_64 GNU/Linux
##########################
##########################
2025-05-15 07:31:56
Uso de CPU y Memoria:
Uso de CPU: 100%

Uso de Disco: 
Filesystem      Size  Used Avail Use% Mounted on
udev            1.9G     0  1.9G   0% /dev
tmpfs           392M  784K  391M   1% /run
/dev/sda         79G   39G   36G  52% /
tmpfs           2.0G  5.1M  2.0G   1% /dev/shm
tmpfs           5.0M     0  5.0M   0% /run/lock
/dev/loop2       67M   67M     0 100% /snap/core24/739
/dev/loop4       45M   45M     0 100% /snap/snapd/23771
/dev/loop6       56M   56M     0 100% /snap/certbot/4482
/dev/loop1       56M   56M     0 100% /snap/certbot/4557
/dev/loop8       64M   64M     0 100% /snap/core20/2501
/dev/loop3       67M   67M     0 100% /snap/core24/888
/dev/loop7       51M   51M     0 100% /snap/snapd/24505
/dev/loop5       64M   64M     0 100% /snap/core20/2571
tmpfs           392M  4.0K  392M   1% /run/user/0

Porcentaje de Memoria RAM utilizada: 63%

Carga del Sistema:
 07:31:57 up 121 days, 11:19,  1 user,  load average: 0.79, 0.63, 0.43

Información del Sistema:
Linux localhost 6.1.0-22-amd64 #1 SMP PREEMPT_DYNAMIC Debian 6.1.94-1 (2024-06-21) x86_64 GNU/Linux
##########################
##########################
2025-05-15 07:31:58
Uso de CPU y Memoria:
Uso de CPU: 100%

Uso de Disco: 
Filesystem      Size  Used Avail Use% Mounted on
udev            1.9G     0  1.9G   0% /dev
tmpfs           392M  784K  391M   1% /run
/dev/sda         79G   39G   36G  52% /
tmpfs           2.0G  5.1M  2.0G   1% /dev/shm
tmpfs           5.0M     0  5.0M   0% /run/lock
/dev/loop2       67M   67M     0 100% /snap/core24/739
/dev/loop4       45M   45M     0 100% /snap/snapd/23771
/dev/loop6       56M   56M     0 100% /snap/certbot/4482
/dev/loop1       56M   56M     0 100% /snap/certbot/4557
/dev/loop8       64M   64M     0 100% /snap/core20/2501
/dev/loop3       67M   67M     0 100% /snap/core24/888
/dev/loop7       51M   51M     0 100% /snap/snapd/24505
/dev/loop5       64M   64M     0 100% /snap/core20/2571
tmpfs           392M  4.0K  392M   1% /run/user/0

Porcentaje de Memoria RAM utilizada: 63%

Carga del Sistema:
 07:31:58 up 121 days, 11:19,  1 user,  load average: 0.79, 0.63, 0.43

Información del Sistema:
Linux localhost 6.1.0-22-amd64 #1 SMP PREEMPT_DYNAMIC Debian 6.1.94-1 (2024-06-21) x86_64 GNU/Linux
##########################
##########################
2025-05-15 07:31:59
Uso de CPU y Memoria:
Uso de CPU: 100%

Uso de Disco: 
Filesystem      Size  Used Avail Use% Mounted on
udev            1.9G     0  1.9G   0% /dev
tmpfs           392M  784K  391M   1% /run
/dev/sda         79G   39G   36G  52% /
tmpfs           2.0G  5.1M  2.0G   1% /dev/shm
tmpfs           5.0M     0  5.0M   0% /run/lock
/dev/loop2       67M   67M     0 100% /snap/core24/739
/dev/loop4       45M   45M     0 100% /snap/snapd/23771
/dev/loop6       56M   56M     0 100% /snap/certbot/4482
/dev/loop1       56M   56M     0 100% /snap/certbot/4557
/dev/loop8       64M   64M     0 100% /snap/core20/2501
/dev/loop3       67M   67M     0 100% /snap/core24/888
/dev/loop7       51M   51M     0 100% /snap/snapd/24505
/dev/loop5       64M   64M     0 100% /snap/core20/2571
tmpfs           392M  4.0K  392M   1% /run/user/0

Porcentaje de Memoria RAM utilizada: 63%

Carga del Sistema:
 07:31:59 up 121 days, 11:19,  1 user,  load average: 0.88, 0.65, 0.43

Información del Sistema:
Linux localhost 6.1.0-22-amd64 #1 SMP PREEMPT_DYNAMIC Debian 6.1.94-1 (2024-06-21) x86_64 GNU/Linux
##########################
##########################
2025-05-15 07:32:00
Uso de CPU y Memoria:
Uso de CPU: 0%

Uso de Disco: 
Filesystem      Size  Used Avail Use% Mounted on
udev            1.9G     0  1.9G   0% /dev
tmpfs           392M  784K  391M   1% /run
/dev/sda         79G   39G   36G  52% /
tmpfs           2.0G  5.1M  2.0G   1% /dev/shm
tmpfs           5.0M     0  5.0M   0% /run/lock
/dev/loop2       67M   67M     0 100% /snap/core24/739
/dev/loop4       45M   45M     0 100% /snap/snapd/23771
/dev/loop6       56M   56M     0 100% /snap/certbot/4482
/dev/loop1       56M   56M     0 100% /snap/certbot/4557
/dev/loop8       64M   64M     0 100% /snap/core20/2501
/dev/loop3       67M   67M     0 100% /snap/core24/888
/dev/loop7       51M   51M     0 100% /snap/snapd/24505
/dev/loop5       64M   64M     0 100% /snap/core20/2571
tmpfs           392M  4.0K  392M   1% /run/user/0

Porcentaje de Memoria RAM utilizada: 63%

Carga del Sistema:
 07:32:00 up 121 days, 11:19,  1 user,  load average: 0.88, 0.65, 0.43

Información del Sistema:
Linux localhost 6.1.0-22-amd64 #1 SMP PREEMPT_DYNAMIC Debian 6.1.94-1 (2024-06-21) x86_64 GNU/Linux
##########################
##########################
2025-05-15 07:32:01
Uso de CPU y Memoria:
Uso de CPU: 100%

Uso de Disco: 
Filesystem      Size  Used Avail Use% Mounted on
udev            1.9G     0  1.9G   0% /dev
tmpfs           392M  784K  391M   1% /run
/dev/sda         79G   39G   36G  52% /
tmpfs           2.0G  5.1M  2.0G   1% /dev/shm
tmpfs           5.0M     0  5.0M   0% /run/lock
/dev/loop2       67M   67M     0 100% /snap/core24/739
/dev/loop4       45M   45M     0 100% /snap/snapd/23771
/dev/loop6       56M   56M     0 100% /snap/certbot/4482
/dev/loop1       56M   56M     0 100% /snap/certbot/4557
/dev/loop8       64M   64M     0 100% /snap/core20/2501
/dev/loop3       67M   67M     0 100% /snap/core24/888
/dev/loop7       51M   51M     0 100% /snap/snapd/24505
/dev/loop5       64M   64M     0 100% /snap/core20/2571
tmpfs           392M  4.0K  392M   1% /run/user/0

Porcentaje de Memoria RAM utilizada: 65%

Carga del Sistema:
 07:32:02 up 121 days, 11:19,  1 user,  load average: 0.88, 0.65, 0.43

Información del Sistema:
Linux localhost 6.1.0-22-amd64 #1 SMP PREEMPT_DYNAMIC Debian 6.1.94-1 (2024-06-21) x86_64 GNU/Linux
##########################
##########################
2025-05-15 07:32:03
Uso de CPU y Memoria:
Uso de CPU: 100%

Uso de Disco: 
Filesystem      Size  Used Avail Use% Mounted on
udev            1.9G     0  1.9G   0% /dev
tmpfs           392M  784K  391M   1% /run
/dev/sda         79G   39G   36G  52% /
tmpfs           2.0G  5.1M  2.0G   1% /dev/shm
tmpfs           5.0M     0  5.0M   0% /run/lock
/dev/loop2       67M   67M     0 100% /snap/core24/739
/dev/loop4       45M   45M     0 100% /snap/snapd/23771
/dev/loop6       56M   56M     0 100% /snap/certbot/4482
/dev/loop1       56M   56M     0 100% /snap/certbot/4557
/dev/loop8       64M   64M     0 100% /snap/core20/2501
/dev/loop3       67M   67M     0 100% /snap/core24/888
/dev/loop7       51M   51M     0 100% /snap/snapd/24505
/dev/loop5       64M   64M     0 100% /snap/core20/2571
tmpfs           392M  4.0K  392M   1% /run/user/0

Porcentaje de Memoria RAM utilizada: 66%

Carga del Sistema:
 07:32:03 up 121 days, 11:19,  1 user,  load average: 0.88, 0.65, 0.43

Información del Sistema:
Linux localhost 6.1.0-22-amd64 #1 SMP PREEMPT_DYNAMIC Debian 6.1.94-1 (2024-06-21) x86_64 GNU/Linux
##########################
##########################
2025-05-15 07:32:04
Uso de CPU y Memoria:
Uso de CPU: 100%

Uso de Disco: 
Filesystem      Size  Used Avail Use% Mounted on
udev            1.9G     0  1.9G   0% /dev
tmpfs           392M  784K  391M   1% /run
/dev/sda         79G   39G   36G  52% /
tmpfs           2.0G  5.1M  2.0G   1% /dev/shm
tmpfs           5.0M     0  5.0M   0% /run/lock
/dev/loop2       67M   67M     0 100% /snap/core24/739
/dev/loop4       45M   45M     0 100% /snap/snapd/23771
/dev/loop6       56M   56M     0 100% /snap/certbot/4482
/dev/loop1       56M   56M     0 100% /snap/certbot/4557
/dev/loop8       64M   64M     0 100% /snap/core20/2501
/dev/loop3       67M   67M     0 100% /snap/core24/888
/dev/loop7       51M   51M     0 100% /snap/snapd/24505
/dev/loop5       64M   64M     0 100% /snap/core20/2571
tmpfs           392M  4.0K  392M   1% /run/user/0

Porcentaje de Memoria RAM utilizada: 67%

Carga del Sistema:
 07:32:04 up 121 days, 11:19,  1 user,  load average: 1.05, 0.69, 0.45

Información del Sistema:
Linux localhost 6.1.0-22-amd64 #1 SMP PREEMPT_DYNAMIC Debian 6.1.94-1 (2024-06-21) x86_64 GNU/Linux
##########################
##########################
2025-05-15 07:32:05
Uso de CPU y Memoria:
Uso de CPU: 100%

Uso de Disco: 
Filesystem      Size  Used Avail Use% Mounted on
udev            1.9G     0  1.9G   0% /dev
tmpfs           392M  784K  391M   1% /run
/dev/sda         79G   39G   36G  52% /
tmpfs           2.0G  5.1M  2.0G   1% /dev/shm
tmpfs           5.0M     0  5.0M   0% /run/lock
/dev/loop2       67M   67M     0 100% /snap/core24/739
/dev/loop4       45M   45M     0 100% /snap/snapd/23771
/dev/loop6       56M   56M     0 100% /snap/certbot/4482
/dev/loop1       56M   56M     0 100% /snap/certbot/4557
/dev/loop8       64M   64M     0 100% /snap/core20/2501
/dev/loop3       67M   67M     0 100% /snap/core24/888
/dev/loop7       51M   51M     0 100% /snap/snapd/24505
/dev/loop5       64M   64M     0 100% /snap/core20/2571
tmpfs           392M  4.0K  392M   1% /run/user/0

Porcentaje de Memoria RAM utilizada: 68%

Carga del Sistema:
 07:32:05 up 121 days, 11:19,  1 user,  load average: 1.05, 0.69, 0.45

Información del Sistema:
Linux localhost 6.1.0-22-amd64 #1 SMP PREEMPT_DYNAMIC Debian 6.1.94-1 (2024-06-21) x86_64 GNU/Linux
##########################
##########################
2025-05-15 07:32:06
Uso de CPU y Memoria:
Uso de CPU: 100%

Uso de Disco: 
Filesystem      Size  Used Avail Use% Mounted on
udev            1.9G     0  1.9G   0% /dev
tmpfs           392M  784K  391M   1% /run
/dev/sda         79G   39G   36G  52% /
tmpfs           2.0G  5.1M  2.0G   1% /dev/shm
tmpfs           5.0M     0  5.0M   0% /run/lock
/dev/loop2       67M   67M     0 100% /snap/core24/739
/dev/loop4       45M   45M     0 100% /snap/snapd/23771
/dev/loop6       56M   56M     0 100% /snap/certbot/4482
/dev/loop1       56M   56M     0 100% /snap/certbot/4557
/dev/loop8       64M   64M     0 100% /snap/core20/2501
/dev/loop3       67M   67M     0 100% /snap/core24/888
/dev/loop7       51M   51M     0 100% /snap/snapd/24505
/dev/loop5       64M   64M     0 100% /snap/core20/2571
tmpfs           392M  4.0K  392M   1% /run/user/0

Porcentaje de Memoria RAM utilizada: 71%

Carga del Sistema:
 07:32:07 up 121 days, 11:19,  1 user,  load average: 1.05, 0.69, 0.45

Información del Sistema:
Linux localhost 6.1.0-22-amd64 #1 SMP PREEMPT_DYNAMIC Debian 6.1.94-1 (2024-06-21) x86_64 GNU/Linux
##########################
##########################
2025-05-15 07:32:08
Uso de CPU y Memoria:
Uso de CPU: 100%

Uso de Disco: 
Filesystem      Size  Used Avail Use% Mounted on
udev            1.9G     0  1.9G   0% /dev
tmpfs           392M  784K  391M   1% /run
/dev/sda         79G   39G   36G  52% /
tmpfs           2.0G  5.1M  2.0G   1% /dev/shm
tmpfs           5.0M     0  5.0M   0% /run/lock
/dev/loop2       67M   67M     0 100% /snap/core24/739
/dev/loop4       45M   45M     0 100% /snap/snapd/23771
/dev/loop6       56M   56M     0 100% /snap/certbot/4482
/dev/loop1       56M   56M     0 100% /snap/certbot/4557
/dev/loop8       64M   64M     0 100% /snap/core20/2501
/dev/loop3       67M   67M     0 100% /snap/core24/888
/dev/loop7       51M   51M     0 100% /snap/snapd/24505
/dev/loop5       64M   64M     0 100% /snap/core20/2571
tmpfs           392M  4.0K  392M   1% /run/user/0

Porcentaje de Memoria RAM utilizada: 78%

Carga del Sistema:
 07:32:08 up 121 days, 11:19,  1 user,  load average: 1.05, 0.69, 0.45

Información del Sistema:
Linux localhost 6.1.0-22-amd64 #1 SMP PREEMPT_DYNAMIC Debian 6.1.94-1 (2024-06-21) x86_64 GNU/Linux
##########################
##########################
2025-05-15 07:32:09
Uso de CPU y Memoria:
Uso de CPU: 75%

Uso de Disco: 
Filesystem      Size  Used Avail Use% Mounted on
udev            1.9G     0  1.9G   0% /dev
tmpfs           392M  784K  391M   1% /run
/dev/sda         79G   39G   36G  52% /
tmpfs           2.0G  5.1M  2.0G   1% /dev/shm
tmpfs           5.0M     0  5.0M   0% /run/lock
/dev/loop2       67M   67M     0 100% /snap/core24/739
/dev/loop4       45M   45M     0 100% /snap/snapd/23771
/dev/loop6       56M   56M     0 100% /snap/certbot/4482
/dev/loop1       56M   56M     0 100% /snap/certbot/4557
/dev/loop8       64M   64M     0 100% /snap/core20/2501
/dev/loop3       67M   67M     0 100% /snap/core24/888
/dev/loop7       51M   51M     0 100% /snap/snapd/24505
/dev/loop5       64M   64M     0 100% /snap/core20/2571
tmpfs           392M  4.0K  392M   1% /run/user/0

Porcentaje de Memoria RAM utilizada: 78%

Carga del Sistema:
 07:32:09 up 121 days, 11:19,  1 user,  load average: 1.13, 0.71, 0.46

Información del Sistema:
Linux localhost 6.1.0-22-amd64 #1 SMP PREEMPT_DYNAMIC Debian 6.1.94-1 (2024-06-21) x86_64 GNU/Linux
##########################
##########################
2025-05-15 07:32:10
Uso de CPU y Memoria:
Uso de CPU: 75%

Uso de Disco: 
Filesystem      Size  Used Avail Use% Mounted on
udev            1.9G     0  1.9G   0% /dev
tmpfs           392M  784K  391M   1% /run
/dev/sda         79G   39G   36G  52% /
tmpfs           2.0G  5.1M  2.0G   1% /dev/shm
tmpfs           5.0M     0  5.0M   0% /run/lock
/dev/loop2       67M   67M     0 100% /snap/core24/739
/dev/loop4       45M   45M     0 100% /snap/snapd/23771
/dev/loop6       56M   56M     0 100% /snap/certbot/4482
/dev/loop1       56M   56M     0 100% /snap/certbot/4557
/dev/loop8       64M   64M     0 100% /snap/core20/2501
/dev/loop3       67M   67M     0 100% /snap/core24/888
/dev/loop7       51M   51M     0 100% /snap/snapd/24505
/dev/loop5       64M   64M     0 100% /snap/core20/2571
tmpfs           392M  4.0K  392M   1% /run/user/0

Porcentaje de Memoria RAM utilizada: 85%

Carga del Sistema:
 07:32:10 up 121 days, 11:19,  1 user,  load average: 1.13, 0.71, 0.46

Información del Sistema:
Linux localhost 6.1.0-22-amd64 #1 SMP PREEMPT_DYNAMIC Debian 6.1.94-1 (2024-06-21) x86_64 GNU/Linux
##########################
##########################
2025-05-15 07:32:11
Uso de CPU y Memoria:
Uso de CPU: 0%

Uso de Disco: 
Filesystem      Size  Used Avail Use% Mounted on
udev            1.9G     0  1.9G   0% /dev
tmpfs           392M  784K  391M   1% /run
/dev/sda         79G   39G   36G  52% /
tmpfs           2.0G  5.1M  2.0G   1% /dev/shm
tmpfs           5.0M     0  5.0M   0% /run/lock
/dev/loop2       67M   67M     0 100% /snap/core24/739
/dev/loop4       45M   45M     0 100% /snap/snapd/23771
/dev/loop6       56M   56M     0 100% /snap/certbot/4482
/dev/loop1       56M   56M     0 100% /snap/certbot/4557
/dev/loop8       64M   64M     0 100% /snap/core20/2501
/dev/loop3       67M   67M     0 100% /snap/core24/888
/dev/loop7       51M   51M     0 100% /snap/snapd/24505
/dev/loop5       64M   64M     0 100% /snap/core20/2571
tmpfs           392M  4.0K  392M   1% /run/user/0

Porcentaje de Memoria RAM utilizada: 92%

Carga del Sistema:
 07:32:12 up 121 days, 11:19,  1 user,  load average: 1.13, 0.71, 0.46

Información del Sistema:
Linux localhost 6.1.0-22-amd64 #1 SMP PREEMPT_DYNAMIC Debian 6.1.94-1 (2024-06-21) x86_64 GNU/Linux
##########################
##########################
2025-05-15 07:32:13
Uso de CPU y Memoria:
Uso de CPU: 96.4%

Uso de Disco: 
Filesystem      Size  Used Avail Use% Mounted on
udev            1.9G     0  1.9G   0% /dev
tmpfs           392M  784K  391M   1% /run
/dev/sda         79G   39G   36G  52% /
tmpfs           2.0G  5.1M  2.0G   1% /dev/shm
tmpfs           5.0M     0  5.0M   0% /run/lock
/dev/loop2       67M   67M     0 100% /snap/core24/739
/dev/loop4       45M   45M     0 100% /snap/snapd/23771
/dev/loop6       56M   56M     0 100% /snap/certbot/4482
/dev/loop1       56M   56M     0 100% /snap/certbot/4557
/dev/loop8       64M   64M     0 100% /snap/core20/2501
/dev/loop3       67M   67M     0 100% /snap/core24/888
/dev/loop7       51M   51M     0 100% /snap/snapd/24505
/dev/loop5       64M   64M     0 100% /snap/core20/2571
tmpfs           392M  4.0K  392M   1% /run/user/0

Porcentaje de Memoria RAM utilizada: 60%

Carga del Sistema:
 07:32:15 up 121 days, 11:19,  1 user,  load average: 4.64, 1.45, 0.70

Información del Sistema:
Linux localhost 6.1.0-22-amd64 #1 SMP PREEMPT_DYNAMIC Debian 6.1.94-1 (2024-06-21) x86_64 GNU/Linux
##########################
##########################
2025-05-15 07:32:16
Uso de CPU y Memoria:
Uso de CPU: 100%

Uso de Disco: 
Filesystem      Size  Used Avail Use% Mounted on
udev            1.9G     0  1.9G   0% /dev
tmpfs           392M  784K  391M   1% /run
/dev/sda         79G   39G   36G  52% /
tmpfs           2.0G  5.1M  2.0G   1% /dev/shm
tmpfs           5.0M     0  5.0M   0% /run/lock
/dev/loop2       67M   67M     0 100% /snap/core24/739
/dev/loop4       45M   45M     0 100% /snap/snapd/23771
/dev/loop6       56M   56M     0 100% /snap/certbot/4482
/dev/loop1       56M   56M     0 100% /snap/certbot/4557
/dev/loop8       64M   64M     0 100% /snap/core20/2501
/dev/loop3       67M   67M     0 100% /snap/core24/888
/dev/loop7       51M   51M     0 100% /snap/snapd/24505
/dev/loop5       64M   64M     0 100% /snap/core20/2571
tmpfs           392M  4.0K  392M   1% /run/user/0

Porcentaje de Memoria RAM utilizada: 60%

Carga del Sistema:
 07:32:16 up 121 days, 11:19,  1 user,  load average: 4.64, 1.45, 0.70

Información del Sistema:
Linux localhost 6.1.0-22-amd64 #1 SMP PREEMPT_DYNAMIC Debian 6.1.94-1 (2024-06-21) x86_64 GNU/Linux
##########################
##########################
2025-05-15 07:32:17
Uso de CPU y Memoria:
Uso de CPU: 0%

Uso de Disco: 
Filesystem      Size  Used Avail Use% Mounted on
udev            1.9G     0  1.9G   0% /dev
tmpfs           392M  784K  391M   1% /run
/dev/sda         79G   39G   36G  52% /
tmpfs           2.0G  5.1M  2.0G   1% /dev/shm
tmpfs           5.0M     0  5.0M   0% /run/lock
/dev/loop2       67M   67M     0 100% /snap/core24/739
/dev/loop4       45M   45M     0 100% /snap/snapd/23771
/dev/loop6       56M   56M     0 100% /snap/certbot/4482
/dev/loop1       56M   56M     0 100% /snap/certbot/4557
/dev/loop8       64M   64M     0 100% /snap/core20/2501
/dev/loop3       67M   67M     0 100% /snap/core24/888
/dev/loop7       51M   51M     0 100% /snap/snapd/24505
/dev/loop5       64M   64M     0 100% /snap/core20/2571
tmpfs           392M  4.0K  392M   1% /run/user/0

Porcentaje de Memoria RAM utilizada: 60%

Carga del Sistema:
 07:32:17 up 121 days, 11:19,  1 user,  load average: 4.64, 1.45, 0.70

Información del Sistema:
Linux localhost 6.1.0-22-amd64 #1 SMP PREEMPT_DYNAMIC Debian 6.1.94-1 (2024-06-21) x86_64 GNU/Linux
##########################
##########################
2025-05-15 07:32:18
Uso de CPU y Memoria:
Uso de CPU: 50%

Uso de Disco: 
Filesystem      Size  Used Avail Use% Mounted on
udev            1.9G     0  1.9G   0% /dev
tmpfs           392M  784K  391M   1% /run
/dev/sda         79G   39G   36G  52% /
tmpfs           2.0G  5.1M  2.0G   1% /dev/shm
tmpfs           5.0M     0  5.0M   0% /run/lock
/dev/loop2       67M   67M     0 100% /snap/core24/739
/dev/loop4       45M   45M     0 100% /snap/snapd/23771
/dev/loop6       56M   56M     0 100% /snap/certbot/4482
/dev/loop1       56M   56M     0 100% /snap/certbot/4557
/dev/loop8       64M   64M     0 100% /snap/core20/2501
/dev/loop3       67M   67M     0 100% /snap/core24/888
/dev/loop7       51M   51M     0 100% /snap/snapd/24505
/dev/loop5       64M   64M     0 100% /snap/core20/2571
tmpfs           392M  4.0K  392M   1% /run/user/0

Porcentaje de Memoria RAM utilizada: 60%

Carga del Sistema:
 07:32:18 up 121 days, 11:19,  1 user,  load average: 4.64, 1.45, 0.70

Información del Sistema:
Linux localhost 6.1.0-22-amd64 #1 SMP PREEMPT_DYNAMIC Debian 6.1.94-1 (2024-06-21) x86_64 GNU/Linux
##########################
##########################
2025-05-15 07:32:19
Uso de CPU y Memoria:
Uso de CPU: 50%

Uso de Disco: 
Filesystem      Size  Used Avail Use% Mounted on
udev            1.9G     0  1.9G   0% /dev
tmpfs           392M  784K  391M   1% /run
/dev/sda         79G   39G   36G  52% /
tmpfs           2.0G  5.1M  2.0G   1% /dev/shm
tmpfs           5.0M     0  5.0M   0% /run/lock
/dev/loop2       67M   67M     0 100% /snap/core24/739
/dev/loop4       45M   45M     0 100% /snap/snapd/23771
/dev/loop6       56M   56M     0 100% /snap/certbot/4482
/dev/loop1       56M   56M     0 100% /snap/certbot/4557
/dev/loop8       64M   64M     0 100% /snap/core20/2501
/dev/loop3       67M   67M     0 100% /snap/core24/888
/dev/loop7       51M   51M     0 100% /snap/snapd/24505
/dev/loop5       64M   64M     0 100% /snap/core20/2571
tmpfs           392M  4.0K  392M   1% /run/user/0

Porcentaje de Memoria RAM utilizada: 60%

Carga del Sistema:
 07:32:19 up 121 days, 11:19,  1 user,  load average: 4.35, 1.44, 0.70

Información del Sistema:
Linux localhost 6.1.0-22-amd64 #1 SMP PREEMPT_DYNAMIC Debian 6.1.94-1 (2024-06-21) x86_64 GNU/Linux
##########################
##########################
2025-05-15 07:32:20
Uso de CPU y Memoria:
Uso de CPU: 0%

Uso de Disco: 
Filesystem      Size  Used Avail Use% Mounted on
udev            1.9G     0  1.9G   0% /dev
tmpfs           392M  784K  391M   1% /run
/dev/sda         79G   39G   36G  52% /
tmpfs           2.0G  5.1M  2.0G   1% /dev/shm
tmpfs           5.0M     0  5.0M   0% /run/lock
/dev/loop2       67M   67M     0 100% /snap/core24/739
/dev/loop4       45M   45M     0 100% /snap/snapd/23771
/dev/loop6       56M   56M     0 100% /snap/certbot/4482
/dev/loop1       56M   56M     0 100% /snap/certbot/4557
/dev/loop8       64M   64M     0 100% /snap/core20/2501
/dev/loop3       67M   67M     0 100% /snap/core24/888
/dev/loop7       51M   51M     0 100% /snap/snapd/24505
/dev/loop5       64M   64M     0 100% /snap/core20/2571
tmpfs           392M  4.0K  392M   1% /run/user/0

Porcentaje de Memoria RAM utilizada: 60%

Carga del Sistema:
 07:32:20 up 121 days, 11:19,  1 user,  load average: 4.35, 1.44, 0.70

Información del Sistema:
Linux localhost 6.1.0-22-amd64 #1 SMP PREEMPT_DYNAMIC Debian 6.1.94-1 (2024-06-21) x86_64 GNU/Linux
##########################
##########################
2025-05-15 07:32:21
Uso de CPU y Memoria:
Uso de CPU: 0%

Uso de Disco: 
Filesystem      Size  Used Avail Use% Mounted on
udev            1.9G     0  1.9G   0% /dev
tmpfs           392M  784K  391M   1% /run
/dev/sda         79G   39G   36G  52% /
tmpfs           2.0G  5.1M  2.0G   1% /dev/shm
tmpfs           5.0M     0  5.0M   0% /run/lock
/dev/loop2       67M   67M     0 100% /snap/core24/739
/dev/loop4       45M   45M     0 100% /snap/snapd/23771
/dev/loop6       56M   56M     0 100% /snap/certbot/4482
/dev/loop1       56M   56M     0 100% /snap/certbot/4557
/dev/loop8       64M   64M     0 100% /snap/core20/2501
/dev/loop3       67M   67M     0 100% /snap/core24/888
/dev/loop7       51M   51M     0 100% /snap/snapd/24505
/dev/loop5       64M   64M     0 100% /snap/core20/2571
tmpfs           392M  4.0K  392M   1% /run/user/0

Porcentaje de Memoria RAM utilizada: 60%

Carga del Sistema:
 07:32:22 up 121 days, 11:19,  1 user,  load average: 4.35, 1.44, 0.70

Información del Sistema:
Linux localhost 6.1.0-22-amd64 #1 SMP PREEMPT_DYNAMIC Debian 6.1.94-1 (2024-06-21) x86_64 GNU/Linux
##########################
##########################
2025-05-15 07:32:23
Uso de CPU y Memoria:
Uso de CPU: 50%

Uso de Disco: 
Filesystem      Size  Used Avail Use% Mounted on
udev            1.9G     0  1.9G   0% /dev
tmpfs           392M  784K  391M   1% /run
/dev/sda         79G   39G   36G  52% /
tmpfs           2.0G  5.1M  2.0G   1% /dev/shm
tmpfs           5.0M     0  5.0M   0% /run/lock
/dev/loop2       67M   67M     0 100% /snap/core24/739
/dev/loop4       45M   45M     0 100% /snap/snapd/23771
/dev/loop6       56M   56M     0 100% /snap/certbot/4482
/dev/loop1       56M   56M     0 100% /snap/certbot/4557
/dev/loop8       64M   64M     0 100% /snap/core20/2501
/dev/loop3       67M   67M     0 100% /snap/core24/888
/dev/loop7       51M   51M     0 100% /snap/snapd/24505
/dev/loop5       64M   64M     0 100% /snap/core20/2571
tmpfs           392M  4.0K  392M   1% /run/user/0

Porcentaje de Memoria RAM utilizada: 60%

Carga del Sistema:
 07:32:23 up 121 days, 11:19,  1 user,  load average: 4.35, 1.44, 0.70

Información del Sistema:
Linux localhost 6.1.0-22-amd64 #1 SMP PREEMPT_DYNAMIC Debian 6.1.94-1 (2024-06-21) x86_64 GNU/Linux
##########################
##########################
2025-05-15 07:32:24
Uso de CPU y Memoria:
Uso de CPU: 0%

Uso de Disco: 
Filesystem      Size  Used Avail Use% Mounted on
udev            1.9G     0  1.9G   0% /dev
tmpfs           392M  784K  391M   1% /run
/dev/sda         79G   39G   36G  52% /
tmpfs           2.0G  5.1M  2.0G   1% /dev/shm
tmpfs           5.0M     0  5.0M   0% /run/lock
/dev/loop2       67M   67M     0 100% /snap/core24/739
/dev/loop4       45M   45M     0 100% /snap/snapd/23771
/dev/loop6       56M   56M     0 100% /snap/certbot/4482
/dev/loop1       56M   56M     0 100% /snap/certbot/4557
/dev/loop8       64M   64M     0 100% /snap/core20/2501
/dev/loop3       67M   67M     0 100% /snap/core24/888
/dev/loop7       51M   51M     0 100% /snap/snapd/24505
/dev/loop5       64M   64M     0 100% /snap/core20/2571
tmpfs           392M  4.0K  392M   1% /run/user/0

Porcentaje de Memoria RAM utilizada: 60%

Carga del Sistema:
 07:32:24 up 121 days, 11:19,  1 user,  load average: 4.00, 1.42, 0.69

Información del Sistema:
Linux localhost 6.1.0-22-amd64 #1 SMP PREEMPT_DYNAMIC Debian 6.1.94-1 (2024-06-21) x86_64 GNU/Linux
##########################
##########################
2025-05-15 07:32:25
Uso de CPU y Memoria:
Uso de CPU: 0%

Uso de Disco: 
Filesystem      Size  Used Avail Use% Mounted on
udev            1.9G     0  1.9G   0% /dev
tmpfs           392M  784K  391M   1% /run
/dev/sda         79G   39G   36G  52% /
tmpfs           2.0G  5.1M  2.0G   1% /dev/shm
tmpfs           5.0M     0  5.0M   0% /run/lock
/dev/loop2       67M   67M     0 100% /snap/core24/739
/dev/loop4       45M   45M     0 100% /snap/snapd/23771
/dev/loop6       56M   56M     0 100% /snap/certbot/4482
/dev/loop1       56M   56M     0 100% /snap/certbot/4557
/dev/loop8       64M   64M     0 100% /snap/core20/2501
/dev/loop3       67M   67M     0 100% /snap/core24/888
/dev/loop7       51M   51M     0 100% /snap/snapd/24505
/dev/loop5       64M   64M     0 100% /snap/core20/2571
tmpfs           392M  4.0K  392M   1% /run/user/0

Porcentaje de Memoria RAM utilizada: 60%

Carga del Sistema:
 07:32:25 up 121 days, 11:19,  1 user,  load average: 4.00, 1.42, 0.69

Información del Sistema:
Linux localhost 6.1.0-22-amd64 #1 SMP PREEMPT_DYNAMIC Debian 6.1.94-1 (2024-06-21) x86_64 GNU/Linux
##########################
##########################
2025-05-15 07:32:26
Uso de CPU y Memoria:
Uso de CPU: 0%

Uso de Disco: 
Filesystem      Size  Used Avail Use% Mounted on
udev            1.9G     0  1.9G   0% /dev
tmpfs           392M  784K  391M   1% /run
/dev/sda         79G   39G   36G  52% /
tmpfs           2.0G  5.1M  2.0G   1% /dev/shm
tmpfs           5.0M     0  5.0M   0% /run/lock
/dev/loop2       67M   67M     0 100% /snap/core24/739
/dev/loop4       45M   45M     0 100% /snap/snapd/23771
/dev/loop6       56M   56M     0 100% /snap/certbot/4482
/dev/loop1       56M   56M     0 100% /snap/certbot/4557
/dev/loop8       64M   64M     0 100% /snap/core20/2501
/dev/loop3       67M   67M     0 100% /snap/core24/888
/dev/loop7       51M   51M     0 100% /snap/snapd/24505
/dev/loop5       64M   64M     0 100% /snap/core20/2571
tmpfs           392M  4.0K  392M   1% /run/user/0

Porcentaje de Memoria RAM utilizada: 60%

Carga del Sistema:
 07:32:26 up 121 days, 11:19,  1 user,  load average: 4.00, 1.42, 0.69

Información del Sistema:
Linux localhost 6.1.0-22-amd64 #1 SMP PREEMPT_DYNAMIC Debian 6.1.94-1 (2024-06-21) x86_64 GNU/Linux
##########################
##########################
2025-05-15 07:32:27
Uso de CPU y Memoria:
Uso de CPU: 50%

Uso de Disco: 
Filesystem      Size  Used Avail Use% Mounted on
udev            1.9G     0  1.9G   0% /dev
tmpfs           392M  784K  391M   1% /run
/dev/sda         79G   39G   36G  52% /
tmpfs           2.0G  5.1M  2.0G   1% /dev/shm
tmpfs           5.0M     0  5.0M   0% /run/lock
/dev/loop2       67M   67M     0 100% /snap/core24/739
/dev/loop4       45M   45M     0 100% /snap/snapd/23771
/dev/loop6       56M   56M     0 100% /snap/certbot/4482
/dev/loop1       56M   56M     0 100% /snap/certbot/4557
/dev/loop8       64M   64M     0 100% /snap/core20/2501
/dev/loop3       67M   67M     0 100% /snap/core24/888
/dev/loop7       51M   51M     0 100% /snap/snapd/24505
/dev/loop5       64M   64M     0 100% /snap/core20/2571
tmpfs           392M  4.0K  392M   1% /run/user/0

Porcentaje de Memoria RAM utilizada: 60%

Carga del Sistema:
 07:32:28 up 121 days, 11:19,  1 user,  load average: 4.00, 1.42, 0.69

Información del Sistema:
Linux localhost 6.1.0-22-amd64 #1 SMP PREEMPT_DYNAMIC Debian 6.1.94-1 (2024-06-21) x86_64 GNU/Linux
##########################
##########################
2025-05-15 07:32:29
Uso de CPU y Memoria:
Uso de CPU: 0%

Uso de Disco: 
Filesystem      Size  Used Avail Use% Mounted on
udev            1.9G     0  1.9G   0% /dev
tmpfs           392M  788K  391M   1% /run
/dev/sda         79G   39G   36G  52% /
tmpfs           2.0G  5.1M  2.0G   1% /dev/shm
tmpfs           5.0M     0  5.0M   0% /run/lock
/dev/loop2       67M   67M     0 100% /snap/core24/739
/dev/loop4       45M   45M     0 100% /snap/snapd/23771
/dev/loop6       56M   56M     0 100% /snap/certbot/4482
/dev/loop1       56M   56M     0 100% /snap/certbot/4557
/dev/loop8       64M   64M     0 100% /snap/core20/2501
/dev/loop3       67M   67M     0 100% /snap/core24/888
/dev/loop7       51M   51M     0 100% /snap/snapd/24505
/dev/loop5       64M   64M     0 100% /snap/core20/2571
tmpfs           392M  4.0K  392M   1% /run/user/0

Porcentaje de Memoria RAM utilizada: 60%

Carga del Sistema:
 07:32:29 up 121 days, 11:19,  1 user,  load average: 3.76, 1.41, 0.70

Información del Sistema:
Linux localhost 6.1.0-22-amd64 #1 SMP PREEMPT_DYNAMIC Debian 6.1.94-1 (2024-06-21) x86_64 GNU/Linux
##########################
##########################
2025-05-15 07:32:30
Uso de CPU y Memoria:
Uso de CPU: 0%

Uso de Disco: 
Filesystem      Size  Used Avail Use% Mounted on
udev            1.9G     0  1.9G   0% /dev
tmpfs           392M  784K  391M   1% /run
/dev/sda         79G   39G   36G  52% /
tmpfs           2.0G  5.1M  2.0G   1% /dev/shm
tmpfs           5.0M     0  5.0M   0% /run/lock
/dev/loop2       67M   67M     0 100% /snap/core24/739
/dev/loop4       45M   45M     0 100% /snap/snapd/23771
/dev/loop6       56M   56M     0 100% /snap/certbot/4482
/dev/loop1       56M   56M     0 100% /snap/certbot/4557
/dev/loop8       64M   64M     0 100% /snap/core20/2501
/dev/loop3       67M   67M     0 100% /snap/core24/888
/dev/loop7       51M   51M     0 100% /snap/snapd/24505
/dev/loop5       64M   64M     0 100% /snap/core20/2571
tmpfs           392M  4.0K  392M   1% /run/user/0

Porcentaje de Memoria RAM utilizada: 60%

Carga del Sistema:
 07:32:30 up 121 days, 11:20,  1 user,  load average: 3.76, 1.41, 0.70

Información del Sistema:
Linux localhost 6.1.0-22-amd64 #1 SMP PREEMPT_DYNAMIC Debian 6.1.94-1 (2024-06-21) x86_64 GNU/Linux
##########################
##########################
2025-05-15 07:32:31
Uso de CPU y Memoria:
Uso de CPU: 0%

Uso de Disco: 
Filesystem      Size  Used Avail Use% Mounted on
udev            1.9G     0  1.9G   0% /dev
tmpfs           392M  784K  391M   1% /run
/dev/sda         79G   39G   36G  52% /
tmpfs           2.0G  5.1M  2.0G   1% /dev/shm
tmpfs           5.0M     0  5.0M   0% /run/lock
/dev/loop2       67M   67M     0 100% /snap/core24/739
/dev/loop4       45M   45M     0 100% /snap/snapd/23771
/dev/loop6       56M   56M     0 100% /snap/certbot/4482
/dev/loop1       56M   56M     0 100% /snap/certbot/4557
/dev/loop8       64M   64M     0 100% /snap/core20/2501
/dev/loop3       67M   67M     0 100% /snap/core24/888
/dev/loop7       51M   51M     0 100% /snap/snapd/24505
/dev/loop5       64M   64M     0 100% /snap/core20/2571
tmpfs           392M  4.0K  392M   1% /run/user/0

Porcentaje de Memoria RAM utilizada: 60%

Carga del Sistema:
 07:32:31 up 121 days, 11:20,  1 user,  load average: 3.76, 1.41, 0.70

Información del Sistema:
Linux localhost 6.1.0-22-amd64 #1 SMP PREEMPT_DYNAMIC Debian 6.1.94-1 (2024-06-21) x86_64 GNU/Linux
##########################
##########################
2025-05-15 07:32:32
Uso de CPU y Memoria:
Uso de CPU: 0%

Uso de Disco: 
Filesystem      Size  Used Avail Use% Mounted on
udev            1.9G     0  1.9G   0% /dev
tmpfs           392M  784K  391M   1% /run
/dev/sda         79G   39G   36G  52% /
tmpfs           2.0G  5.1M  2.0G   1% /dev/shm
tmpfs           5.0M     0  5.0M   0% /run/lock
/dev/loop2       67M   67M     0 100% /snap/core24/739
/dev/loop4       45M   45M     0 100% /snap/snapd/23771
/dev/loop6       56M   56M     0 100% /snap/certbot/4482
/dev/loop1       56M   56M     0 100% /snap/certbot/4557
/dev/loop8       64M   64M     0 100% /snap/core20/2501
/dev/loop3       67M   67M     0 100% /snap/core24/888
/dev/loop7       51M   51M     0 100% /snap/snapd/24505
/dev/loop5       64M   64M     0 100% /snap/core20/2571
tmpfs           392M  4.0K  392M   1% /run/user/0

Porcentaje de Memoria RAM utilizada: 60%

Carga del Sistema:
 07:32:32 up 121 days, 11:20,  1 user,  load average: 3.76, 1.41, 0.70

Información del Sistema:
Linux localhost 6.1.0-22-amd64 #1 SMP PREEMPT_DYNAMIC Debian 6.1.94-1 (2024-06-21) x86_64 GNU/Linux
##########################
##########################
2025-05-15 07:32:33
Uso de CPU y Memoria:
Uso de CPU: 0%

Uso de Disco: 
Filesystem      Size  Used Avail Use% Mounted on
udev            1.9G     0  1.9G   0% /dev
tmpfs           392M  784K  391M   1% /run
/dev/sda         79G   39G   36G  52% /
tmpfs           2.0G  5.1M  2.0G   1% /dev/shm
tmpfs           5.0M     0  5.0M   0% /run/lock
/dev/loop2       67M   67M     0 100% /snap/core24/739
/dev/loop4       45M   45M     0 100% /snap/snapd/23771
/dev/loop6       56M   56M     0 100% /snap/certbot/4482
/dev/loop1       56M   56M     0 100% /snap/certbot/4557
/dev/loop8       64M   64M     0 100% /snap/core20/2501
/dev/loop3       67M   67M     0 100% /snap/core24/888
/dev/loop7       51M   51M     0 100% /snap/snapd/24505
/dev/loop5       64M   64M     0 100% /snap/core20/2571
tmpfs           392M  4.0K  392M   1% /run/user/0

Porcentaje de Memoria RAM utilizada: 60%

Carga del Sistema:
 07:32:34 up 121 days, 11:20,  1 user,  load average: 3.76, 1.41, 0.70

Información del Sistema:
Linux localhost 6.1.0-22-amd64 #1 SMP PREEMPT_DYNAMIC Debian 6.1.94-1 (2024-06-21) x86_64 GNU/Linux
##########################
##########################
2025-05-15 07:32:35
Uso de CPU y Memoria:
Uso de CPU: 0%

Uso de Disco: 
Filesystem      Size  Used Avail Use% Mounted on
udev            1.9G     0  1.9G   0% /dev
tmpfs           392M  784K  391M   1% /run
/dev/sda         79G   39G   36G  52% /
tmpfs           2.0G  5.1M  2.0G   1% /dev/shm
tmpfs           5.0M     0  5.0M   0% /run/lock
/dev/loop2       67M   67M     0 100% /snap/core24/739
/dev/loop4       45M   45M     0 100% /snap/snapd/23771
/dev/loop6       56M   56M     0 100% /snap/certbot/4482
/dev/loop1       56M   56M     0 100% /snap/certbot/4557
/dev/loop8       64M   64M     0 100% /snap/core20/2501
/dev/loop3       67M   67M     0 100% /snap/core24/888
/dev/loop7       51M   51M     0 100% /snap/snapd/24505
/dev/loop5       64M   64M     0 100% /snap/core20/2571
tmpfs           392M  4.0K  392M   1% /run/user/0

Porcentaje de Memoria RAM utilizada: 60%

Carga del Sistema:
 07:32:35 up 121 days, 11:20,  1 user,  load average: 3.46, 1.39, 0.69

Información del Sistema:
Linux localhost 6.1.0-22-amd64 #1 SMP PREEMPT_DYNAMIC Debian 6.1.94-1 (2024-06-21) x86_64 GNU/Linux
##########################
##########################
2025-05-15 07:32:36
Uso de CPU y Memoria:
Uso de CPU: 50%

Uso de Disco: 
Filesystem      Size  Used Avail Use% Mounted on
udev            1.9G     0  1.9G   0% /dev
tmpfs           392M  784K  391M   1% /run
/dev/sda         79G   39G   36G  52% /
tmpfs           2.0G  5.1M  2.0G   1% /dev/shm
tmpfs           5.0M     0  5.0M   0% /run/lock
/dev/loop2       67M   67M     0 100% /snap/core24/739
/dev/loop4       45M   45M     0 100% /snap/snapd/23771
/dev/loop6       56M   56M     0 100% /snap/certbot/4482
/dev/loop1       56M   56M     0 100% /snap/certbot/4557
/dev/loop8       64M   64M     0 100% /snap/core20/2501
/dev/loop3       67M   67M     0 100% /snap/core24/888
/dev/loop7       51M   51M     0 100% /snap/snapd/24505
/dev/loop5       64M   64M     0 100% /snap/core20/2571
tmpfs           392M  4.0K  392M   1% /run/user/0

Porcentaje de Memoria RAM utilizada: 61%

Carga del Sistema:
 07:32:36 up 121 days, 11:20,  1 user,  load average: 3.46, 1.39, 0.69

Información del Sistema:
Linux localhost 6.1.0-22-amd64 #1 SMP PREEMPT_DYNAMIC Debian 6.1.94-1 (2024-06-21) x86_64 GNU/Linux
##########################
##########################
2025-05-15 07:32:37
Uso de CPU y Memoria:
Uso de CPU: 0%

Uso de Disco: 
Filesystem      Size  Used Avail Use% Mounted on
udev            1.9G     0  1.9G   0% /dev
tmpfs           392M  784K  391M   1% /run
/dev/sda         79G   39G   36G  52% /
tmpfs           2.0G  5.1M  2.0G   1% /dev/shm
tmpfs           5.0M     0  5.0M   0% /run/lock
/dev/loop2       67M   67M     0 100% /snap/core24/739
/dev/loop4       45M   45M     0 100% /snap/snapd/23771
/dev/loop6       56M   56M     0 100% /snap/certbot/4482
/dev/loop1       56M   56M     0 100% /snap/certbot/4557
/dev/loop8       64M   64M     0 100% /snap/core20/2501
/dev/loop3       67M   67M     0 100% /snap/core24/888
/dev/loop7       51M   51M     0 100% /snap/snapd/24505
/dev/loop5       64M   64M     0 100% /snap/core20/2571
tmpfs           392M  4.0K  392M   1% /run/user/0

Porcentaje de Memoria RAM utilizada: 61%

Carga del Sistema:
 07:32:37 up 121 days, 11:20,  1 user,  load average: 3.46, 1.39, 0.69

Información del Sistema:
Linux localhost 6.1.0-22-amd64 #1 SMP PREEMPT_DYNAMIC Debian 6.1.94-1 (2024-06-21) x86_64 GNU/Linux
##########################
##########################
2025-05-15 07:32:38
Uso de CPU y Memoria:
Uso de CPU: 0%

Uso de Disco: 
Filesystem      Size  Used Avail Use% Mounted on
udev            1.9G     0  1.9G   0% /dev
tmpfs           392M  784K  391M   1% /run
/dev/sda         79G   39G   36G  52% /
tmpfs           2.0G  5.1M  2.0G   1% /dev/shm
tmpfs           5.0M     0  5.0M   0% /run/lock
/dev/loop2       67M   67M     0 100% /snap/core24/739
/dev/loop4       45M   45M     0 100% /snap/snapd/23771
/dev/loop6       56M   56M     0 100% /snap/certbot/4482
/dev/loop1       56M   56M     0 100% /snap/certbot/4557
/dev/loop8       64M   64M     0 100% /snap/core20/2501
/dev/loop3       67M   67M     0 100% /snap/core24/888
/dev/loop7       51M   51M     0 100% /snap/snapd/24505
/dev/loop5       64M   64M     0 100% /snap/core20/2571
tmpfs           392M  4.0K  392M   1% /run/user/0

Porcentaje de Memoria RAM utilizada: 61%

Carga del Sistema:
 07:32:38 up 121 days, 11:20,  1 user,  load average: 3.46, 1.39, 0.69

Información del Sistema:
Linux localhost 6.1.0-22-amd64 #1 SMP PREEMPT_DYNAMIC Debian 6.1.94-1 (2024-06-21) x86_64 GNU/Linux
##########################
##########################
2025-05-15 07:32:39
Uso de CPU y Memoria:
Uso de CPU: 0%

Uso de Disco: 
Filesystem      Size  Used Avail Use% Mounted on
udev            1.9G     0  1.9G   0% /dev
tmpfs           392M  784K  391M   1% /run
/dev/sda         79G   39G   36G  52% /
tmpfs           2.0G  5.1M  2.0G   1% /dev/shm
tmpfs           5.0M     0  5.0M   0% /run/lock
/dev/loop2       67M   67M     0 100% /snap/core24/739
/dev/loop4       45M   45M     0 100% /snap/snapd/23771
/dev/loop6       56M   56M     0 100% /snap/certbot/4482
/dev/loop1       56M   56M     0 100% /snap/certbot/4557
/dev/loop8       64M   64M     0 100% /snap/core20/2501
/dev/loop3       67M   67M     0 100% /snap/core24/888
/dev/loop7       51M   51M     0 100% /snap/snapd/24505
/dev/loop5       64M   64M     0 100% /snap/core20/2571
tmpfs           392M  4.0K  392M   1% /run/user/0

Porcentaje de Memoria RAM utilizada: 61%

Carga del Sistema:
 07:32:39 up 121 days, 11:20,  1 user,  load average: 3.18, 1.36, 0.69

Información del Sistema:
Linux localhost 6.1.0-22-amd64 #1 SMP PREEMPT_DYNAMIC Debian 6.1.94-1 (2024-06-21) x86_64 GNU/Linux
##########################
##########################
2025-05-15 07:32:40
Uso de CPU y Memoria:
Uso de CPU: 0%

Uso de Disco: 
Filesystem      Size  Used Avail Use% Mounted on
udev            1.9G     0  1.9G   0% /dev
tmpfs           392M  784K  391M   1% /run
/dev/sda         79G   39G   36G  52% /
tmpfs           2.0G  5.1M  2.0G   1% /dev/shm
tmpfs           5.0M     0  5.0M   0% /run/lock
/dev/loop2       67M   67M     0 100% /snap/core24/739
/dev/loop4       45M   45M     0 100% /snap/snapd/23771
/dev/loop6       56M   56M     0 100% /snap/certbot/4482
/dev/loop1       56M   56M     0 100% /snap/certbot/4557
/dev/loop8       64M   64M     0 100% /snap/core20/2501
/dev/loop3       67M   67M     0 100% /snap/core24/888
/dev/loop7       51M   51M     0 100% /snap/snapd/24505
/dev/loop5       64M   64M     0 100% /snap/core20/2571
tmpfs           392M  4.0K  392M   1% /run/user/0

Porcentaje de Memoria RAM utilizada: 61%

Carga del Sistema:
 07:32:41 up 121 days, 11:20,  1 user,  load average: 3.18, 1.36, 0.69

Información del Sistema:
Linux localhost 6.1.0-22-amd64 #1 SMP PREEMPT_DYNAMIC Debian 6.1.94-1 (2024-06-21) x86_64 GNU/Linux
##########################
##########################
2025-05-15 07:32:42
Uso de CPU y Memoria:
Uso de CPU: 50%

Uso de Disco: 
Filesystem      Size  Used Avail Use% Mounted on
udev            1.9G     0  1.9G   0% /dev
tmpfs           392M  784K  391M   1% /run
/dev/sda         79G   39G   36G  52% /
tmpfs           2.0G  5.1M  2.0G   1% /dev/shm
tmpfs           5.0M     0  5.0M   0% /run/lock
/dev/loop2       67M   67M     0 100% /snap/core24/739
/dev/loop4       45M   45M     0 100% /snap/snapd/23771
/dev/loop6       56M   56M     0 100% /snap/certbot/4482
/dev/loop1       56M   56M     0 100% /snap/certbot/4557
/dev/loop8       64M   64M     0 100% /snap/core20/2501
/dev/loop3       67M   67M     0 100% /snap/core24/888
/dev/loop7       51M   51M     0 100% /snap/snapd/24505
/dev/loop5       64M   64M     0 100% /snap/core20/2571
tmpfs           392M  4.0K  392M   1% /run/user/0

Porcentaje de Memoria RAM utilizada: 61%

Carga del Sistema:
 07:32:42 up 121 days, 11:20,  1 user,  load average: 3.18, 1.36, 0.69

Información del Sistema:
Linux localhost 6.1.0-22-amd64 #1 SMP PREEMPT_DYNAMIC Debian 6.1.94-1 (2024-06-21) x86_64 GNU/Linux
##########################
##########################
2025-05-15 07:32:43
Uso de CPU y Memoria:
Uso de CPU: 0%

Uso de Disco: 
Filesystem      Size  Used Avail Use% Mounted on
udev            1.9G     0  1.9G   0% /dev
tmpfs           392M  784K  391M   1% /run
/dev/sda         79G   39G   36G  52% /
tmpfs           2.0G  5.1M  2.0G   1% /dev/shm
tmpfs           5.0M     0  5.0M   0% /run/lock
/dev/loop2       67M   67M     0 100% /snap/core24/739
/dev/loop4       45M   45M     0 100% /snap/snapd/23771
/dev/loop6       56M   56M     0 100% /snap/certbot/4482
/dev/loop1       56M   56M     0 100% /snap/certbot/4557
/dev/loop8       64M   64M     0 100% /snap/core20/2501
/dev/loop3       67M   67M     0 100% /snap/core24/888
/dev/loop7       51M   51M     0 100% /snap/snapd/24505
/dev/loop5       64M   64M     0 100% /snap/core20/2571
tmpfs           392M  4.0K  392M   1% /run/user/0

Porcentaje de Memoria RAM utilizada: 61%

Carga del Sistema:
 07:32:43 up 121 days, 11:20,  1 user,  load average: 3.18, 1.36, 0.69

Información del Sistema:
Linux localhost 6.1.0-22-amd64 #1 SMP PREEMPT_DYNAMIC Debian 6.1.94-1 (2024-06-21) x86_64 GNU/Linux
##########################
##########################
2025-05-15 07:32:44
Uso de CPU y Memoria:
Uso de CPU: 0%

Uso de Disco: 
Filesystem      Size  Used Avail Use% Mounted on
udev            1.9G     0  1.9G   0% /dev
tmpfs           392M  784K  391M   1% /run
/dev/sda         79G   39G   36G  52% /
tmpfs           2.0G  5.1M  2.0G   1% /dev/shm
tmpfs           5.0M     0  5.0M   0% /run/lock
/dev/loop2       67M   67M     0 100% /snap/core24/739
/dev/loop4       45M   45M     0 100% /snap/snapd/23771
/dev/loop6       56M   56M     0 100% /snap/certbot/4482
/dev/loop1       56M   56M     0 100% /snap/certbot/4557
/dev/loop8       64M   64M     0 100% /snap/core20/2501
/dev/loop3       67M   67M     0 100% /snap/core24/888
/dev/loop7       51M   51M     0 100% /snap/snapd/24505
/dev/loop5       64M   64M     0 100% /snap/core20/2571
tmpfs           392M  4.0K  392M   1% /run/user/0

Porcentaje de Memoria RAM utilizada: 61%

Carga del Sistema:
 07:32:44 up 121 days, 11:20,  1 user,  load average: 2.93, 1.34, 0.68

Información del Sistema:
Linux localhost 6.1.0-22-amd64 #1 SMP PREEMPT_DYNAMIC Debian 6.1.94-1 (2024-06-21) x86_64 GNU/Linux
##########################
##########################
2025-05-15 07:32:45
Uso de CPU y Memoria:
Uso de CPU: 50%

Uso de Disco: 
Filesystem      Size  Used Avail Use% Mounted on
udev            1.9G     0  1.9G   0% /dev
tmpfs           392M  784K  391M   1% /run
/dev/sda         79G   39G   36G  52% /
tmpfs           2.0G  5.1M  2.0G   1% /dev/shm
tmpfs           5.0M     0  5.0M   0% /run/lock
/dev/loop2       67M   67M     0 100% /snap/core24/739
/dev/loop4       45M   45M     0 100% /snap/snapd/23771
/dev/loop6       56M   56M     0 100% /snap/certbot/4482
/dev/loop1       56M   56M     0 100% /snap/certbot/4557
/dev/loop8       64M   64M     0 100% /snap/core20/2501
/dev/loop3       67M   67M     0 100% /snap/core24/888
/dev/loop7       51M   51M     0 100% /snap/snapd/24505
/dev/loop5       64M   64M     0 100% /snap/core20/2571
tmpfs           392M  4.0K  392M   1% /run/user/0

Porcentaje de Memoria RAM utilizada: 61%

Carga del Sistema:
 07:32:45 up 121 days, 11:20,  1 user,  load average: 2.93, 1.34, 0.68

Información del Sistema:
Linux localhost 6.1.0-22-amd64 #1 SMP PREEMPT_DYNAMIC Debian 6.1.94-1 (2024-06-21) x86_64 GNU/Linux
##########################
##########################
2025-05-15 07:32:46
Uso de CPU y Memoria:
Uso de CPU: 0%

Uso de Disco: 
Filesystem      Size  Used Avail Use% Mounted on
udev            1.9G     0  1.9G   0% /dev
tmpfs           392M  784K  391M   1% /run
/dev/sda         79G   39G   36G  52% /
tmpfs           2.0G  5.1M  2.0G   1% /dev/shm
tmpfs           5.0M     0  5.0M   0% /run/lock
/dev/loop2       67M   67M     0 100% /snap/core24/739
/dev/loop4       45M   45M     0 100% /snap/snapd/23771
/dev/loop6       56M   56M     0 100% /snap/certbot/4482
/dev/loop1       56M   56M     0 100% /snap/certbot/4557
/dev/loop8       64M   64M     0 100% /snap/core20/2501
/dev/loop3       67M   67M     0 100% /snap/core24/888
/dev/loop7       51M   51M     0 100% /snap/snapd/24505
/dev/loop5       64M   64M     0 100% /snap/core20/2571
tmpfs           392M  4.0K  392M   1% /run/user/0

Porcentaje de Memoria RAM utilizada: 61%

Carga del Sistema:
 07:32:47 up 121 days, 11:20,  1 user,  load average: 2.93, 1.34, 0.68

Información del Sistema:
Linux localhost 6.1.0-22-amd64 #1 SMP PREEMPT_DYNAMIC Debian 6.1.94-1 (2024-06-21) x86_64 GNU/Linux
##########################
##########################
2025-05-15 07:32:48
Uso de CPU y Memoria:
Uso de CPU: 0%

Uso de Disco: 
Filesystem      Size  Used Avail Use% Mounted on
udev            1.9G     0  1.9G   0% /dev
tmpfs           392M  784K  391M   1% /run
/dev/sda         79G   39G   36G  52% /
tmpfs           2.0G  5.1M  2.0G   1% /dev/shm
tmpfs           5.0M     0  5.0M   0% /run/lock
/dev/loop2       67M   67M     0 100% /snap/core24/739
/dev/loop4       45M   45M     0 100% /snap/snapd/23771
/dev/loop6       56M   56M     0 100% /snap/certbot/4482
/dev/loop1       56M   56M     0 100% /snap/certbot/4557
/dev/loop8       64M   64M     0 100% /snap/core20/2501
/dev/loop3       67M   67M     0 100% /snap/core24/888
/dev/loop7       51M   51M     0 100% /snap/snapd/24505
/dev/loop5       64M   64M     0 100% /snap/core20/2571
tmpfs           392M  4.0K  392M   1% /run/user/0

Porcentaje de Memoria RAM utilizada: 61%

Carga del Sistema:
 07:32:48 up 121 days, 11:20,  1 user,  load average: 2.93, 1.34, 0.68

Información del Sistema:
Linux localhost 6.1.0-22-amd64 #1 SMP PREEMPT_DYNAMIC Debian 6.1.94-1 (2024-06-21) x86_64 GNU/Linux
##########################
##########################
2025-05-15 07:32:49
Uso de CPU y Memoria:
Uso de CPU: 0%

Uso de Disco: 
Filesystem      Size  Used Avail Use% Mounted on
udev            1.9G     0  1.9G   0% /dev
tmpfs           392M  784K  391M   1% /run
/dev/sda         79G   39G   36G  52% /
tmpfs           2.0G  5.1M  2.0G   1% /dev/shm
tmpfs           5.0M     0  5.0M   0% /run/lock
/dev/loop2       67M   67M     0 100% /snap/core24/739
/dev/loop4       45M   45M     0 100% /snap/snapd/23771
/dev/loop6       56M   56M     0 100% /snap/certbot/4482
/dev/loop1       56M   56M     0 100% /snap/certbot/4557
/dev/loop8       64M   64M     0 100% /snap/core20/2501
/dev/loop3       67M   67M     0 100% /snap/core24/888
/dev/loop7       51M   51M     0 100% /snap/snapd/24505
/dev/loop5       64M   64M     0 100% /snap/core20/2571
tmpfs           392M  4.0K  392M   1% /run/user/0

Porcentaje de Memoria RAM utilizada: 61%

Carga del Sistema:
 07:32:49 up 121 days, 11:20,  1 user,  load average: 2.77, 1.33, 0.69

Información del Sistema:
Linux localhost 6.1.0-22-amd64 #1 SMP PREEMPT_DYNAMIC Debian 6.1.94-1 (2024-06-21) x86_64 GNU/Linux
##########################
##########################
2025-05-15 07:32:50
Uso de CPU y Memoria:
Uso de CPU: 0%

Uso de Disco: 
Filesystem      Size  Used Avail Use% Mounted on
udev            1.9G     0  1.9G   0% /dev
tmpfs           392M  784K  391M   1% /run
/dev/sda         79G   39G   36G  52% /
tmpfs           2.0G  5.1M  2.0G   1% /dev/shm
tmpfs           5.0M     0  5.0M   0% /run/lock
/dev/loop2       67M   67M     0 100% /snap/core24/739
/dev/loop4       45M   45M     0 100% /snap/snapd/23771
/dev/loop6       56M   56M     0 100% /snap/certbot/4482
/dev/loop1       56M   56M     0 100% /snap/certbot/4557
/dev/loop8       64M   64M     0 100% /snap/core20/2501
/dev/loop3       67M   67M     0 100% /snap/core24/888
/dev/loop7       51M   51M     0 100% /snap/snapd/24505
/dev/loop5       64M   64M     0 100% /snap/core20/2571
tmpfs           392M  4.0K  392M   1% /run/user/0

Porcentaje de Memoria RAM utilizada: 61%

Carga del Sistema:
 07:32:50 up 121 days, 11:20,  1 user,  load average: 2.77, 1.33, 0.69

Información del Sistema:
Linux localhost 6.1.0-22-amd64 #1 SMP PREEMPT_DYNAMIC Debian 6.1.94-1 (2024-06-21) x86_64 GNU/Linux
##########################
##########################
2025-05-15 07:32:51
Uso de CPU y Memoria:
Uso de CPU: 0%

Uso de Disco: 
Filesystem      Size  Used Avail Use% Mounted on
udev            1.9G     0  1.9G   0% /dev
tmpfs           392M  784K  391M   1% /run
/dev/sda         79G   39G   36G  52% /
tmpfs           2.0G  5.1M  2.0G   1% /dev/shm
tmpfs           5.0M     0  5.0M   0% /run/lock
/dev/loop2       67M   67M     0 100% /snap/core24/739
/dev/loop4       45M   45M     0 100% /snap/snapd/23771
/dev/loop6       56M   56M     0 100% /snap/certbot/4482
/dev/loop1       56M   56M     0 100% /snap/certbot/4557
/dev/loop8       64M   64M     0 100% /snap/core20/2501
/dev/loop3       67M   67M     0 100% /snap/core24/888
/dev/loop7       51M   51M     0 100% /snap/snapd/24505
/dev/loop5       64M   64M     0 100% /snap/core20/2571
tmpfs           392M  4.0K  392M   1% /run/user/0

Porcentaje de Memoria RAM utilizada: 61%

Carga del Sistema:
 07:32:51 up 121 days, 11:20,  1 user,  load average: 2.77, 1.33, 0.69

Información del Sistema:
Linux localhost 6.1.0-22-amd64 #1 SMP PREEMPT_DYNAMIC Debian 6.1.94-1 (2024-06-21) x86_64 GNU/Linux
##########################
##########################
2025-05-15 07:32:52
Uso de CPU y Memoria:
Uso de CPU: 0%

Uso de Disco: 
Filesystem      Size  Used Avail Use% Mounted on
udev            1.9G     0  1.9G   0% /dev
tmpfs           392M  784K  391M   1% /run
/dev/sda         79G   39G   36G  52% /
tmpfs           2.0G  5.1M  2.0G   1% /dev/shm
tmpfs           5.0M     0  5.0M   0% /run/lock
/dev/loop2       67M   67M     0 100% /snap/core24/739
/dev/loop4       45M   45M     0 100% /snap/snapd/23771
/dev/loop6       56M   56M     0 100% /snap/certbot/4482
/dev/loop1       56M   56M     0 100% /snap/certbot/4557
/dev/loop8       64M   64M     0 100% /snap/core20/2501
/dev/loop3       67M   67M     0 100% /snap/core24/888
/dev/loop7       51M   51M     0 100% /snap/snapd/24505
/dev/loop5       64M   64M     0 100% /snap/core20/2571
tmpfs           392M  4.0K  392M   1% /run/user/0

Porcentaje de Memoria RAM utilizada: 61%

Carga del Sistema:
 07:32:52 up 121 days, 11:20,  1 user,  load average: 2.77, 1.33, 0.69

Información del Sistema:
Linux localhost 6.1.0-22-amd64 #1 SMP PREEMPT_DYNAMIC Debian 6.1.94-1 (2024-06-21) x86_64 GNU/Linux
##########################
##########################
2025-05-15 07:32:53
Uso de CPU y Memoria:
Uso de CPU: 0%

Uso de Disco: 
Filesystem      Size  Used Avail Use% Mounted on
udev            1.9G     0  1.9G   0% /dev
tmpfs           392M  784K  391M   1% /run
/dev/sda         79G   39G   36G  52% /
tmpfs           2.0G  5.1M  2.0G   1% /dev/shm
tmpfs           5.0M     0  5.0M   0% /run/lock
/dev/loop2       67M   67M     0 100% /snap/core24/739
/dev/loop4       45M   45M     0 100% /snap/snapd/23771
/dev/loop6       56M   56M     0 100% /snap/certbot/4482
/dev/loop1       56M   56M     0 100% /snap/certbot/4557
/dev/loop8       64M   64M     0 100% /snap/core20/2501
/dev/loop3       67M   67M     0 100% /snap/core24/888
/dev/loop7       51M   51M     0 100% /snap/snapd/24505
/dev/loop5       64M   64M     0 100% /snap/core20/2571
tmpfs           392M  4.0K  392M   1% /run/user/0

Porcentaje de Memoria RAM utilizada: 61%

Carga del Sistema:
 07:32:54 up 121 days, 11:20,  1 user,  load average: 2.77, 1.33, 0.69

Información del Sistema:
Linux localhost 6.1.0-22-amd64 #1 SMP PREEMPT_DYNAMIC Debian 6.1.94-1 (2024-06-21) x86_64 GNU/Linux
##########################
##########################
2025-05-15 07:32:55
Uso de CPU y Memoria:
Uso de CPU: 0%

Uso de Disco: 
Filesystem      Size  Used Avail Use% Mounted on
udev            1.9G     0  1.9G   0% /dev
tmpfs           392M  784K  391M   1% /run
/dev/sda         79G   39G   36G  52% /
tmpfs           2.0G  5.1M  2.0G   1% /dev/shm
tmpfs           5.0M     0  5.0M   0% /run/lock
/dev/loop2       67M   67M     0 100% /snap/core24/739
/dev/loop4       45M   45M     0 100% /snap/snapd/23771
/dev/loop6       56M   56M     0 100% /snap/certbot/4482
/dev/loop1       56M   56M     0 100% /snap/certbot/4557
/dev/loop8       64M   64M     0 100% /snap/core20/2501
/dev/loop3       67M   67M     0 100% /snap/core24/888
/dev/loop7       51M   51M     0 100% /snap/snapd/24505
/dev/loop5       64M   64M     0 100% /snap/core20/2571
tmpfs           392M  4.0K  392M   1% /run/user/0

Porcentaje de Memoria RAM utilizada: 61%

Carga del Sistema:
 07:32:55 up 121 days, 11:20,  1 user,  load average: 2.55, 1.31, 0.68

Información del Sistema:
Linux localhost 6.1.0-22-amd64 #1 SMP PREEMPT_DYNAMIC Debian 6.1.94-1 (2024-06-21) x86_64 GNU/Linux
##########################
##########################
2025-05-15 07:32:56
Uso de CPU y Memoria:
Uso de CPU: 0%

Uso de Disco: 
Filesystem      Size  Used Avail Use% Mounted on
udev            1.9G     0  1.9G   0% /dev
tmpfs           392M  784K  391M   1% /run
/dev/sda         79G   39G   36G  52% /
tmpfs           2.0G  5.1M  2.0G   1% /dev/shm
tmpfs           5.0M     0  5.0M   0% /run/lock
/dev/loop2       67M   67M     0 100% /snap/core24/739
/dev/loop4       45M   45M     0 100% /snap/snapd/23771
/dev/loop6       56M   56M     0 100% /snap/certbot/4482
/dev/loop1       56M   56M     0 100% /snap/certbot/4557
/dev/loop8       64M   64M     0 100% /snap/core20/2501
/dev/loop3       67M   67M     0 100% /snap/core24/888
/dev/loop7       51M   51M     0 100% /snap/snapd/24505
/dev/loop5       64M   64M     0 100% /snap/core20/2571
tmpfs           392M  4.0K  392M   1% /run/user/0

Porcentaje de Memoria RAM utilizada: 61%

Carga del Sistema:
 07:32:56 up 121 days, 11:20,  1 user,  load average: 2.55, 1.31, 0.68

Información del Sistema:
Linux localhost 6.1.0-22-amd64 #1 SMP PREEMPT_DYNAMIC Debian 6.1.94-1 (2024-06-21) x86_64 GNU/Linux
##########################
##########################
2025-05-15 07:32:57
Uso de CPU y Memoria:
Uso de CPU: 50%

Uso de Disco: 
Filesystem      Size  Used Avail Use% Mounted on
udev            1.9G     0  1.9G   0% /dev
tmpfs           392M  784K  391M   1% /run
/dev/sda         79G   39G   36G  52% /
tmpfs           2.0G  5.1M  2.0G   1% /dev/shm
tmpfs           5.0M     0  5.0M   0% /run/lock
/dev/loop2       67M   67M     0 100% /snap/core24/739
/dev/loop4       45M   45M     0 100% /snap/snapd/23771
/dev/loop6       56M   56M     0 100% /snap/certbot/4482
/dev/loop1       56M   56M     0 100% /snap/certbot/4557
/dev/loop8       64M   64M     0 100% /snap/core20/2501
/dev/loop3       67M   67M     0 100% /snap/core24/888
/dev/loop7       51M   51M     0 100% /snap/snapd/24505
/dev/loop5       64M   64M     0 100% /snap/core20/2571
tmpfs           392M  4.0K  392M   1% /run/user/0

Porcentaje de Memoria RAM utilizada: 61%

Carga del Sistema:
 07:32:57 up 121 days, 11:20,  1 user,  load average: 2.55, 1.31, 0.68

Información del Sistema:
Linux localhost 6.1.0-22-amd64 #1 SMP PREEMPT_DYNAMIC Debian 6.1.94-1 (2024-06-21) x86_64 GNU/Linux
##########################
##########################
2025-05-15 07:32:58
Uso de CPU y Memoria:
Uso de CPU: 0%

Uso de Disco: 
Filesystem      Size  Used Avail Use% Mounted on
udev            1.9G     0  1.9G   0% /dev
tmpfs           392M  784K  391M   1% /run
/dev/sda         79G   39G   36G  52% /
tmpfs           2.0G  5.1M  2.0G   1% /dev/shm
tmpfs           5.0M     0  5.0M   0% /run/lock
/dev/loop2       67M   67M     0 100% /snap/core24/739
/dev/loop4       45M   45M     0 100% /snap/snapd/23771
/dev/loop6       56M   56M     0 100% /snap/certbot/4482
/dev/loop1       56M   56M     0 100% /snap/certbot/4557
/dev/loop8       64M   64M     0 100% /snap/core20/2501
/dev/loop3       67M   67M     0 100% /snap/core24/888
/dev/loop7       51M   51M     0 100% /snap/snapd/24505
/dev/loop5       64M   64M     0 100% /snap/core20/2571
tmpfs           392M  4.0K  392M   1% /run/user/0

Porcentaje de Memoria RAM utilizada: 61%

Carga del Sistema:
 07:32:58 up 121 days, 11:20,  1 user,  load average: 2.55, 1.31, 0.68

Información del Sistema:
Linux localhost 6.1.0-22-amd64 #1 SMP PREEMPT_DYNAMIC Debian 6.1.94-1 (2024-06-21) x86_64 GNU/Linux
##########################
##########################
2025-05-15 07:32:59
Uso de CPU y Memoria:
Uso de CPU: 0%

Uso de Disco: 
Filesystem      Size  Used Avail Use% Mounted on
udev            1.9G     0  1.9G   0% /dev
tmpfs           392M  784K  391M   1% /run
/dev/sda         79G   39G   36G  52% /
tmpfs           2.0G  5.1M  2.0G   1% /dev/shm
tmpfs           5.0M     0  5.0M   0% /run/lock
/dev/loop2       67M   67M     0 100% /snap/core24/739
/dev/loop4       45M   45M     0 100% /snap/snapd/23771
/dev/loop6       56M   56M     0 100% /snap/certbot/4482
/dev/loop1       56M   56M     0 100% /snap/certbot/4557
/dev/loop8       64M   64M     0 100% /snap/core20/2501
/dev/loop3       67M   67M     0 100% /snap/core24/888
/dev/loop7       51M   51M     0 100% /snap/snapd/24505
/dev/loop5       64M   64M     0 100% /snap/core20/2571
tmpfs           392M  4.0K  392M   1% /run/user/0

Porcentaje de Memoria RAM utilizada: 61%

Carga del Sistema:
 07:33:00 up 121 days, 11:20,  1 user,  load average: 2.35, 1.29, 0.68

Información del Sistema:
Linux localhost 6.1.0-22-amd64 #1 SMP PREEMPT_DYNAMIC Debian 6.1.94-1 (2024-06-21) x86_64 GNU/Linux
##########################
##########################
2025-05-15 07:41:51
Uso de CPU y Memoria:
Uso de CPU: 50%

Uso de Disco: 
Filesystem      Size  Used Avail Use% Mounted on
udev            1.9G     0  1.9G   0% /dev
tmpfs           392M  800K  391M   1% /run
/dev/sda         79G   39G   36G  52% /
tmpfs           2.0G  5.1M  2.0G   1% /dev/shm
tmpfs           5.0M     0  5.0M   0% /run/lock
/dev/loop2       67M   67M     0 100% /snap/core24/739
/dev/loop4       45M   45M     0 100% /snap/snapd/23771
/dev/loop6       56M   56M     0 100% /snap/certbot/4482
/dev/loop1       56M   56M     0 100% /snap/certbot/4557
/dev/loop8       64M   64M     0 100% /snap/core20/2501
/dev/loop3       67M   67M     0 100% /snap/core24/888
/dev/loop7       51M   51M     0 100% /snap/snapd/24505
/dev/loop5       64M   64M     0 100% /snap/core20/2571
tmpfs           392M  4.0K  392M   1% /run/user/0

Porcentaje de Memoria RAM utilizada: 47%

Carga del Sistema:
 07:41:51 up 121 days, 11:29,  2 users,  load average: 1.39, 0.89, 0.64

Información del Sistema:
Linux localhost 6.1.0-22-amd64 #1 SMP PREEMPT_DYNAMIC Debian 6.1.94-1 (2024-06-21) x86_64 GNU/Linux
##########################
##########################
2025-05-15 07:41:52
Uso de CPU y Memoria:
Uso de CPU: 50%

Uso de Disco: 
Filesystem      Size  Used Avail Use% Mounted on
udev            1.9G     0  1.9G   0% /dev
tmpfs           392M  800K  391M   1% /run
/dev/sda         79G   39G   36G  52% /
tmpfs           2.0G  5.1M  2.0G   1% /dev/shm
tmpfs           5.0M     0  5.0M   0% /run/lock
/dev/loop2       67M   67M     0 100% /snap/core24/739
/dev/loop4       45M   45M     0 100% /snap/snapd/23771
/dev/loop6       56M   56M     0 100% /snap/certbot/4482
/dev/loop1       56M   56M     0 100% /snap/certbot/4557
/dev/loop8       64M   64M     0 100% /snap/core20/2501
/dev/loop3       67M   67M     0 100% /snap/core24/888
/dev/loop7       51M   51M     0 100% /snap/snapd/24505
/dev/loop5       64M   64M     0 100% /snap/core20/2571
tmpfs           392M  4.0K  392M   1% /run/user/0

Porcentaje de Memoria RAM utilizada: 47%

Carga del Sistema:
 07:41:52 up 121 days, 11:29,  2 users,  load average: 1.39, 0.89, 0.64

Información del Sistema:
Linux localhost 6.1.0-22-amd64 #1 SMP PREEMPT_DYNAMIC Debian 6.1.94-1 (2024-06-21) x86_64 GNU/Linux
##########################
##########################
2025-05-15 07:41:53
Uso de CPU y Memoria:
Uso de CPU: 0%

Uso de Disco: 
Filesystem      Size  Used Avail Use% Mounted on
udev            1.9G     0  1.9G   0% /dev
tmpfs           392M  800K  391M   1% /run
/dev/sda         79G   39G   36G  52% /
tmpfs           2.0G  5.1M  2.0G   1% /dev/shm
tmpfs           5.0M     0  5.0M   0% /run/lock
/dev/loop2       67M   67M     0 100% /snap/core24/739
/dev/loop4       45M   45M     0 100% /snap/snapd/23771
/dev/loop6       56M   56M     0 100% /snap/certbot/4482
/dev/loop1       56M   56M     0 100% /snap/certbot/4557
/dev/loop8       64M   64M     0 100% /snap/core20/2501
/dev/loop3       67M   67M     0 100% /snap/core24/888
/dev/loop7       51M   51M     0 100% /snap/snapd/24505
/dev/loop5       64M   64M     0 100% /snap/core20/2571
tmpfs           392M  4.0K  392M   1% /run/user/0

Porcentaje de Memoria RAM utilizada: 47%

Carga del Sistema:
 07:41:53 up 121 days, 11:29,  2 users,  load average: 1.39, 0.89, 0.64

Información del Sistema:
Linux localhost 6.1.0-22-amd64 #1 SMP PREEMPT_DYNAMIC Debian 6.1.94-1 (2024-06-21) x86_64 GNU/Linux
##########################
##########################
2025-05-15 07:41:54
Uso de CPU y Memoria:
Uso de CPU: 0%

Uso de Disco: 
Filesystem      Size  Used Avail Use% Mounted on
udev            1.9G     0  1.9G   0% /dev
tmpfs           392M  800K  391M   1% /run
/dev/sda         79G   39G   36G  52% /
tmpfs           2.0G  5.1M  2.0G   1% /dev/shm
tmpfs           5.0M     0  5.0M   0% /run/lock
/dev/loop2       67M   67M     0 100% /snap/core24/739
/dev/loop4       45M   45M     0 100% /snap/snapd/23771
/dev/loop6       56M   56M     0 100% /snap/certbot/4482
/dev/loop1       56M   56M     0 100% /snap/certbot/4557
/dev/loop8       64M   64M     0 100% /snap/core20/2501
/dev/loop3       67M   67M     0 100% /snap/core24/888
/dev/loop7       51M   51M     0 100% /snap/snapd/24505
/dev/loop5       64M   64M     0 100% /snap/core20/2571
tmpfs           392M  4.0K  392M   1% /run/user/0

Porcentaje de Memoria RAM utilizada: 47%

Carga del Sistema:
 07:41:55 up 121 days, 11:29,  2 users,  load average: 1.36, 0.89, 0.65

Información del Sistema:
Linux localhost 6.1.0-22-amd64 #1 SMP PREEMPT_DYNAMIC Debian 6.1.94-1 (2024-06-21) x86_64 GNU/Linux
##########################
##########################
2025-05-15 07:41:56
Uso de CPU y Memoria:
Uso de CPU: 50%

Uso de Disco: 
Filesystem      Size  Used Avail Use% Mounted on
udev            1.9G     0  1.9G   0% /dev
tmpfs           392M  800K  391M   1% /run
/dev/sda         79G   39G   36G  52% /
tmpfs           2.0G  5.1M  2.0G   1% /dev/shm
tmpfs           5.0M     0  5.0M   0% /run/lock
/dev/loop2       67M   67M     0 100% /snap/core24/739
/dev/loop4       45M   45M     0 100% /snap/snapd/23771
/dev/loop6       56M   56M     0 100% /snap/certbot/4482
/dev/loop1       56M   56M     0 100% /snap/certbot/4557
/dev/loop8       64M   64M     0 100% /snap/core20/2501
/dev/loop3       67M   67M     0 100% /snap/core24/888
/dev/loop7       51M   51M     0 100% /snap/snapd/24505
/dev/loop5       64M   64M     0 100% /snap/core20/2571
tmpfs           392M  4.0K  392M   1% /run/user/0

Porcentaje de Memoria RAM utilizada: 47%

Carga del Sistema:
 07:41:56 up 121 days, 11:29,  2 users,  load average: 1.36, 0.89, 0.65

Información del Sistema:
Linux localhost 6.1.0-22-amd64 #1 SMP PREEMPT_DYNAMIC Debian 6.1.94-1 (2024-06-21) x86_64 GNU/Linux
##########################
##########################
2025-05-15 07:41:57
Uso de CPU y Memoria:
Uso de CPU: 0%

Uso de Disco: 
Filesystem      Size  Used Avail Use% Mounted on
udev            1.9G     0  1.9G   0% /dev
tmpfs           392M  800K  391M   1% /run
/dev/sda         79G   39G   36G  52% /
tmpfs           2.0G  5.1M  2.0G   1% /dev/shm
tmpfs           5.0M     0  5.0M   0% /run/lock
/dev/loop2       67M   67M     0 100% /snap/core24/739
/dev/loop4       45M   45M     0 100% /snap/snapd/23771
/dev/loop6       56M   56M     0 100% /snap/certbot/4482
/dev/loop1       56M   56M     0 100% /snap/certbot/4557
/dev/loop8       64M   64M     0 100% /snap/core20/2501
/dev/loop3       67M   67M     0 100% /snap/core24/888
/dev/loop7       51M   51M     0 100% /snap/snapd/24505
/dev/loop5       64M   64M     0 100% /snap/core20/2571
tmpfs           392M  4.0K  392M   1% /run/user/0

Porcentaje de Memoria RAM utilizada: 47%

Carga del Sistema:
 07:41:57 up 121 days, 11:29,  2 users,  load average: 1.36, 0.89, 0.65

Información del Sistema:
Linux localhost 6.1.0-22-amd64 #1 SMP PREEMPT_DYNAMIC Debian 6.1.94-1 (2024-06-21) x86_64 GNU/Linux
##########################
##########################
2025-05-15 07:41:58
Uso de CPU y Memoria:
Uso de CPU: 0%

Uso de Disco: 
Filesystem      Size  Used Avail Use% Mounted on
udev            1.9G     0  1.9G   0% /dev
tmpfs           392M  800K  391M   1% /run
/dev/sda         79G   39G   36G  52% /
tmpfs           2.0G  5.1M  2.0G   1% /dev/shm
tmpfs           5.0M     0  5.0M   0% /run/lock
/dev/loop2       67M   67M     0 100% /snap/core24/739
/dev/loop4       45M   45M     0 100% /snap/snapd/23771
/dev/loop6       56M   56M     0 100% /snap/certbot/4482
/dev/loop1       56M   56M     0 100% /snap/certbot/4557
/dev/loop8       64M   64M     0 100% /snap/core20/2501
/dev/loop3       67M   67M     0 100% /snap/core24/888
/dev/loop7       51M   51M     0 100% /snap/snapd/24505
/dev/loop5       64M   64M     0 100% /snap/core20/2571
tmpfs           392M  4.0K  392M   1% /run/user/0

Porcentaje de Memoria RAM utilizada: 47%

Carga del Sistema:
 07:41:58 up 121 days, 11:29,  2 users,  load average: 1.36, 0.89, 0.65

Información del Sistema:
Linux localhost 6.1.0-22-amd64 #1 SMP PREEMPT_DYNAMIC Debian 6.1.94-1 (2024-06-21) x86_64 GNU/Linux
##########################
##########################
2025-05-15 07:41:59
Uso de CPU y Memoria:
Uso de CPU: 0%

Uso de Disco: 
Filesystem      Size  Used Avail Use% Mounted on
udev            1.9G     0  1.9G   0% /dev
tmpfs           392M  800K  391M   1% /run
/dev/sda         79G   39G   36G  52% /
tmpfs           2.0G  5.1M  2.0G   1% /dev/shm
tmpfs           5.0M     0  5.0M   0% /run/lock
/dev/loop2       67M   67M     0 100% /snap/core24/739
/dev/loop4       45M   45M     0 100% /snap/snapd/23771
/dev/loop6       56M   56M     0 100% /snap/certbot/4482
/dev/loop1       56M   56M     0 100% /snap/certbot/4557
/dev/loop8       64M   64M     0 100% /snap/core20/2501
/dev/loop3       67M   67M     0 100% /snap/core24/888
/dev/loop7       51M   51M     0 100% /snap/snapd/24505
/dev/loop5       64M   64M     0 100% /snap/core20/2571
tmpfs           392M  4.0K  392M   1% /run/user/0

Porcentaje de Memoria RAM utilizada: 47%

Carga del Sistema:
 07:41:59 up 121 days, 11:29,  2 users,  load average: 1.25, 0.88, 0.64

Información del Sistema:
Linux localhost 6.1.0-22-amd64 #1 SMP PREEMPT_DYNAMIC Debian 6.1.94-1 (2024-06-21) x86_64 GNU/Linux
##########################
##########################
2025-05-15 07:42:00
Uso de CPU y Memoria:
Uso de CPU: 50%

Uso de Disco: 
Filesystem      Size  Used Avail Use% Mounted on
udev            1.9G     0  1.9G   0% /dev
tmpfs           392M  800K  391M   1% /run
/dev/sda         79G   39G   36G  52% /
tmpfs           2.0G  5.1M  2.0G   1% /dev/shm
tmpfs           5.0M     0  5.0M   0% /run/lock
/dev/loop2       67M   67M     0 100% /snap/core24/739
/dev/loop4       45M   45M     0 100% /snap/snapd/23771
/dev/loop6       56M   56M     0 100% /snap/certbot/4482
/dev/loop1       56M   56M     0 100% /snap/certbot/4557
/dev/loop8       64M   64M     0 100% /snap/core20/2501
/dev/loop3       67M   67M     0 100% /snap/core24/888
/dev/loop7       51M   51M     0 100% /snap/snapd/24505
/dev/loop5       64M   64M     0 100% /snap/core20/2571
tmpfs           392M  4.0K  392M   1% /run/user/0

Porcentaje de Memoria RAM utilizada: 47%

Carga del Sistema:
 07:42:01 up 121 days, 11:29,  2 users,  load average: 1.25, 0.88, 0.64

Información del Sistema:
Linux localhost 6.1.0-22-amd64 #1 SMP PREEMPT_DYNAMIC Debian 6.1.94-1 (2024-06-21) x86_64 GNU/Linux
##########################
##########################
2025-05-15 07:42:02
Uso de CPU y Memoria:
Uso de CPU: 0%

Uso de Disco: 
Filesystem      Size  Used Avail Use% Mounted on
udev            1.9G     0  1.9G   0% /dev
tmpfs           392M  800K  391M   1% /run
/dev/sda         79G   39G   36G  52% /
tmpfs           2.0G  5.1M  2.0G   1% /dev/shm
tmpfs           5.0M     0  5.0M   0% /run/lock
/dev/loop2       67M   67M     0 100% /snap/core24/739
/dev/loop4       45M   45M     0 100% /snap/snapd/23771
/dev/loop6       56M   56M     0 100% /snap/certbot/4482
/dev/loop1       56M   56M     0 100% /snap/certbot/4557
/dev/loop8       64M   64M     0 100% /snap/core20/2501
/dev/loop3       67M   67M     0 100% /snap/core24/888
/dev/loop7       51M   51M     0 100% /snap/snapd/24505
/dev/loop5       64M   64M     0 100% /snap/core20/2571
tmpfs           392M  4.0K  392M   1% /run/user/0

Porcentaje de Memoria RAM utilizada: 47%

Carga del Sistema:
 07:42:02 up 121 days, 11:29,  2 users,  load average: 1.25, 0.88, 0.64

Información del Sistema:
Linux localhost 6.1.0-22-amd64 #1 SMP PREEMPT_DYNAMIC Debian 6.1.94-1 (2024-06-21) x86_64 GNU/Linux
##########################
##########################
2025-05-15 07:42:03
Uso de CPU y Memoria:
Uso de CPU: 100%

Uso de Disco: 
Filesystem      Size  Used Avail Use% Mounted on
udev            1.9G     0  1.9G   0% /dev
tmpfs           392M  800K  391M   1% /run
/dev/sda         79G   39G   36G  52% /
tmpfs           2.0G  5.1M  2.0G   1% /dev/shm
tmpfs           5.0M     0  5.0M   0% /run/lock
/dev/loop2       67M   67M     0 100% /snap/core24/739
/dev/loop4       45M   45M     0 100% /snap/snapd/23771
/dev/loop6       56M   56M     0 100% /snap/certbot/4482
/dev/loop1       56M   56M     0 100% /snap/certbot/4557
/dev/loop8       64M   64M     0 100% /snap/core20/2501
/dev/loop3       67M   67M     0 100% /snap/core24/888
/dev/loop7       51M   51M     0 100% /snap/snapd/24505
/dev/loop5       64M   64M     0 100% /snap/core20/2571
tmpfs           392M  4.0K  392M   1% /run/user/0

Porcentaje de Memoria RAM utilizada: 47%

Carga del Sistema:
 07:42:03 up 121 days, 11:29,  2 users,  load average: 1.25, 0.88, 0.64

Información del Sistema:
Linux localhost 6.1.0-22-amd64 #1 SMP PREEMPT_DYNAMIC Debian 6.1.94-1 (2024-06-21) x86_64 GNU/Linux
##########################
